{
  "D:/ITS/SEM 6/PSO/fp-pso-fleksibel/instrumented/script.js": {
    "path": "D:/ITS/SEM 6/PSO/fp-pso-fleksibel/instrumented/script.js",
    "statementMap": {},
    "fnMap": {},
    "branchMap": {},
    "s": {},
    "f": {},
    "b": {}
  },
  "D:\\ITS\\SEM 6\\PSO\\fp-pso-fleksibel\\script.js": {
    "path": "D:\\ITS\\SEM 6\\PSO\\fp-pso-fleksibel\\script.js",
    "statementMap": {
      "0": {
        "start": {
          "line": 2,
          "column": 14
        },
        "end": {
          "line": 2,
          "column": 48
        }
      },
      "1": {
        "start": {
          "line": 3,
          "column": 19
        },
        "end": {
          "line": 3,
          "column": 51
        }
      },
      "2": {
        "start": {
          "line": 4,
          "column": 14
        },
        "end": {
          "line": 4,
          "column": 48
        }
      },
      "3": {
        "start": {
          "line": 5,
          "column": 17
        },
        "end": {
          "line": 5,
          "column": 53
        }
      },
      "4": {
        "start": {
          "line": 6,
          "column": 18
        },
        "end": {
          "line": 6,
          "column": 55
        }
      },
      "5": {
        "start": {
          "line": 7,
          "column": 24
        },
        "end": {
          "line": 7,
          "column": 57
        }
      },
      "6": {
        "start": {
          "line": 8,
          "column": 24
        },
        "end": {
          "line": 8,
          "column": 62
        }
      },
      "7": {
        "start": {
          "line": 9,
          "column": 21
        },
        "end": {
          "line": 9,
          "column": 23
        }
      },
      "8": {
        "start": {
          "line": 11,
          "column": 24
        },
        "end": {
          "line": 11,
          "column": 66
        }
      },
      "9": {
        "start": {
          "line": 12,
          "column": 24
        },
        "end": {
          "line": 12,
          "column": 68
        }
      },
      "10": {
        "start": {
          "line": 13,
          "column": 22
        },
        "end": {
          "line": 13,
          "column": 63
        }
      },
      "11": {
        "start": {
          "line": 15,
          "column": 26
        },
        "end": {
          "line": 15,
          "column": 70
        }
      },
      "12": {
        "start": {
          "line": 16,
          "column": 23
        },
        "end": {
          "line": 16,
          "column": 64
        }
      },
      "13": {
        "start": {
          "line": 17,
          "column": 25
        },
        "end": {
          "line": 17,
          "column": 68
        }
      },
      "14": {
        "start": {
          "line": 19,
          "column": 24
        },
        "end": {
          "line": 19,
          "column": 68
        }
      },
      "15": {
        "start": {
          "line": 20,
          "column": 27
        },
        "end": {
          "line": 20,
          "column": 75
        }
      },
      "16": {
        "start": {
          "line": 26,
          "column": 13
        },
        "end": {
          "line": 26,
          "column": 18
        }
      },
      "17": {
        "start": {
          "line": 27,
          "column": 12
        },
        "end": {
          "line": 27,
          "column": 13
        }
      },
      "18": {
        "start": {
          "line": 29,
          "column": 23
        },
        "end": {
          "line": 29,
          "column": 25
        }
      },
      "19": {
        "start": {
          "line": 30,
          "column": 21
        },
        "end": {
          "line": 30,
          "column": 23
        }
      },
      "20": {
        "start": {
          "line": 33,
          "column": 0
        },
        "end": {
          "line": 42,
          "column": 3
        }
      },
      "21": {
        "start": {
          "line": 34,
          "column": 2
        },
        "end": {
          "line": 41,
          "column": 5
        }
      },
      "22": {
        "start": {
          "line": 35,
          "column": 4
        },
        "end": {
          "line": 35,
          "column": 92
        }
      },
      "23": {
        "start": {
          "line": 35,
          "column": 62
        },
        "end": {
          "line": 35,
          "column": 90
        }
      },
      "24": {
        "start": {
          "line": 36,
          "column": 4
        },
        "end": {
          "line": 36,
          "column": 33
        }
      },
      "25": {
        "start": {
          "line": 37,
          "column": 4
        },
        "end": {
          "line": 37,
          "column": 68
        }
      },
      "26": {
        "start": {
          "line": 38,
          "column": 4
        },
        "end": {
          "line": 38,
          "column": 80
        }
      },
      "27": {
        "start": {
          "line": 40,
          "column": 4
        },
        "end": {
          "line": 40,
          "column": 29
        }
      },
      "28": {
        "start": {
          "line": 49,
          "column": 2
        },
        "end": {
          "line": 51,
          "column": 3
        }
      },
      "29": {
        "start": {
          "line": 50,
          "column": 4
        },
        "end": {
          "line": 50,
          "column": 41
        }
      },
      "30": {
        "start": {
          "line": 52,
          "column": 2
        },
        "end": {
          "line": 54,
          "column": 3
        }
      },
      "31": {
        "start": {
          "line": 53,
          "column": 4
        },
        "end": {
          "line": 53,
          "column": 47
        }
      },
      "32": {
        "start": {
          "line": 58,
          "column": 16
        },
        "end": {
          "line": 58,
          "column": 52
        }
      },
      "33": {
        "start": {
          "line": 59,
          "column": 2
        },
        "end": {
          "line": 63,
          "column": 3
        }
      },
      "34": {
        "start": {
          "line": 60,
          "column": 4
        },
        "end": {
          "line": 60,
          "column": 18
        }
      },
      "35": {
        "start": {
          "line": 61,
          "column": 4
        },
        "end": {
          "line": 61,
          "column": 26
        }
      },
      "36": {
        "start": {
          "line": 62,
          "column": 4
        },
        "end": {
          "line": 62,
          "column": 17
        }
      },
      "37": {
        "start": {
          "line": 67,
          "column": 0
        },
        "end": {
          "line": 71,
          "column": 1
        }
      },
      "38": {
        "start": {
          "line": 68,
          "column": 2
        },
        "end": {
          "line": 70,
          "column": 5
        }
      },
      "39": {
        "start": {
          "line": 69,
          "column": 4
        },
        "end": {
          "line": 69,
          "column": 50
        }
      },
      "40": {
        "start": {
          "line": 78,
          "column": 2
        },
        "end": {
          "line": 80,
          "column": 5
        }
      },
      "41": {
        "start": {
          "line": 79,
          "column": 4
        },
        "end": {
          "line": 79,
          "column": 38
        }
      },
      "42": {
        "start": {
          "line": 81,
          "column": 2
        },
        "end": {
          "line": 88,
          "column": 3
        }
      },
      "43": {
        "start": {
          "line": 82,
          "column": 4
        },
        "end": {
          "line": 82,
          "column": 40
        }
      },
      "44": {
        "start": {
          "line": 83,
          "column": 4
        },
        "end": {
          "line": 83,
          "column": 75
        }
      },
      "45": {
        "start": {
          "line": 84,
          "column": 28
        },
        "end": {
          "line": 84,
          "column": 72
        }
      },
      "46": {
        "start": {
          "line": 85,
          "column": 4
        },
        "end": {
          "line": 87,
          "column": 5
        }
      },
      "47": {
        "start": {
          "line": 86,
          "column": 6
        },
        "end": {
          "line": 86,
          "column": 53
        }
      },
      "48": {
        "start": {
          "line": 92,
          "column": 0
        },
        "end": {
          "line": 108,
          "column": 3
        }
      },
      "49": {
        "start": {
          "line": 93,
          "column": 2
        },
        "end": {
          "line": 107,
          "column": 5
        }
      },
      "50": {
        "start": {
          "line": 95,
          "column": 4
        },
        "end": {
          "line": 103,
          "column": 5
        }
      },
      "51": {
        "start": {
          "line": 99,
          "column": 6
        },
        "end": {
          "line": 99,
          "column": 71
        }
      },
      "52": {
        "start": {
          "line": 102,
          "column": 6
        },
        "end": {
          "line": 102,
          "column": 13
        }
      },
      "53": {
        "start": {
          "line": 104,
          "column": 4
        },
        "end": {
          "line": 104,
          "column": 57
        }
      },
      "54": {
        "start": {
          "line": 105,
          "column": 4
        },
        "end": {
          "line": 105,
          "column": 36
        }
      },
      "55": {
        "start": {
          "line": 106,
          "column": 4
        },
        "end": {
          "line": 106,
          "column": 62
        }
      },
      "56": {
        "start": {
          "line": 115,
          "column": 24
        },
        "end": {
          "line": 115,
          "column": 77
        }
      },
      "57": {
        "start": {
          "line": 116,
          "column": 2
        },
        "end": {
          "line": 116,
          "column": 51
        }
      },
      "58": {
        "start": {
          "line": 126,
          "column": 2
        },
        "end": {
          "line": 126,
          "column": 55
        }
      },
      "59": {
        "start": {
          "line": 135,
          "column": 16
        },
        "end": {
          "line": 135,
          "column": 64
        }
      },
      "60": {
        "start": {
          "line": 136,
          "column": 23
        },
        "end": {
          "line": 136,
          "column": 43
        }
      },
      "61": {
        "start": {
          "line": 137,
          "column": 2
        },
        "end": {
          "line": 139,
          "column": 3
        }
      },
      "62": {
        "start": {
          "line": 138,
          "column": 4
        },
        "end": {
          "line": 138,
          "column": 40
        }
      },
      "63": {
        "start": {
          "line": 140,
          "column": 2
        },
        "end": {
          "line": 140,
          "column": 26
        }
      },
      "64": {
        "start": {
          "line": 141,
          "column": 2
        },
        "end": {
          "line": 141,
          "column": 22
        }
      },
      "65": {
        "start": {
          "line": 150,
          "column": 2
        },
        "end": {
          "line": 150,
          "column": 21
        }
      },
      "66": {
        "start": {
          "line": 150,
          "column": 14
        },
        "end": {
          "line": 150,
          "column": 21
        }
      },
      "67": {
        "start": {
          "line": 152,
          "column": 15
        },
        "end": {
          "line": 152,
          "column": 35
        }
      },
      "68": {
        "start": {
          "line": 153,
          "column": 2
        },
        "end": {
          "line": 153,
          "column": 27
        }
      },
      "69": {
        "start": {
          "line": 154,
          "column": 25
        },
        "end": {
          "line": 154,
          "column": 78
        }
      },
      "70": {
        "start": {
          "line": 156,
          "column": 2
        },
        "end": {
          "line": 169,
          "column": 21
        }
      },
      "71": {
        "start": {
          "line": 157,
          "column": 4
        },
        "end": {
          "line": 157,
          "column": 32
        }
      },
      "72": {
        "start": {
          "line": 158,
          "column": 31
        },
        "end": {
          "line": 161,
          "column": 5
        }
      },
      "73": {
        "start": {
          "line": 162,
          "column": 4
        },
        "end": {
          "line": 168,
          "column": 5
        }
      },
      "74": {
        "start": {
          "line": 164,
          "column": 6
        },
        "end": {
          "line": 167,
          "column": 8
        }
      },
      "75": {
        "start": {
          "line": 165,
          "column": 14
        },
        "end": {
          "line": 165,
          "column": 56
        }
      },
      "76": {
        "start": {
          "line": 177,
          "column": 2
        },
        "end": {
          "line": 177,
          "column": 36
        }
      },
      "77": {
        "start": {
          "line": 179,
          "column": 2
        },
        "end": {
          "line": 179,
          "column": 12
        }
      },
      "78": {
        "start": {
          "line": 181,
          "column": 30
        },
        "end": {
          "line": 181,
          "column": 58
        }
      },
      "79": {
        "start": {
          "line": 182,
          "column": 2
        },
        "end": {
          "line": 185,
          "column": 3
        }
      },
      "80": {
        "start": {
          "line": 183,
          "column": 4
        },
        "end": {
          "line": 183,
          "column": 48
        }
      },
      "81": {
        "start": {
          "line": 184,
          "column": 4
        },
        "end": {
          "line": 184,
          "column": 11
        }
      },
      "82": {
        "start": {
          "line": 187,
          "column": 21
        },
        "end": {
          "line": 187,
          "column": 41
        }
      },
      "83": {
        "start": {
          "line": 189,
          "column": 2
        },
        "end": {
          "line": 205,
          "column": 3
        }
      },
      "84": {
        "start": {
          "line": 191,
          "column": 6
        },
        "end": {
          "line": 191,
          "column": 25
        }
      },
      "85": {
        "start": {
          "line": 192,
          "column": 6
        },
        "end": {
          "line": 192,
          "column": 26
        }
      },
      "86": {
        "start": {
          "line": 193,
          "column": 6
        },
        "end": {
          "line": 193,
          "column": 12
        }
      },
      "87": {
        "start": {
          "line": 195,
          "column": 6
        },
        "end": {
          "line": 195,
          "column": 25
        }
      },
      "88": {
        "start": {
          "line": 196,
          "column": 6
        },
        "end": {
          "line": 196,
          "column": 25
        }
      },
      "89": {
        "start": {
          "line": 197,
          "column": 6
        },
        "end": {
          "line": 197,
          "column": 12
        }
      },
      "90": {
        "start": {
          "line": 199,
          "column": 6
        },
        "end": {
          "line": 199,
          "column": 25
        }
      },
      "91": {
        "start": {
          "line": 200,
          "column": 6
        },
        "end": {
          "line": 200,
          "column": 25
        }
      },
      "92": {
        "start": {
          "line": 201,
          "column": 6
        },
        "end": {
          "line": 201,
          "column": 12
        }
      },
      "93": {
        "start": {
          "line": 203,
          "column": 6
        },
        "end": {
          "line": 203,
          "column": 25
        }
      },
      "94": {
        "start": {
          "line": 204,
          "column": 6
        },
        "end": {
          "line": 204,
          "column": 26
        }
      },
      "95": {
        "start": {
          "line": 207,
          "column": 2
        },
        "end": {
          "line": 209,
          "column": 4
        }
      },
      "96": {
        "start": {
          "line": 211,
          "column": 2
        },
        "end": {
          "line": 211,
          "column": 12
        }
      },
      "97": {
        "start": {
          "line": 212,
          "column": 2
        },
        "end": {
          "line": 212,
          "column": 49
        }
      },
      "98": {
        "start": {
          "line": 212,
          "column": 18
        },
        "end": {
          "line": 212,
          "column": 49
        }
      },
      "99": {
        "start": {
          "line": 213,
          "column": 2
        },
        "end": {
          "line": 213,
          "column": 17
        }
      },
      "100": {
        "start": {
          "line": 216,
          "column": 2
        },
        "end": {
          "line": 216,
          "column": 58
        }
      },
      "101": {
        "start": {
          "line": 216,
          "column": 17
        },
        "end": {
          "line": 216,
          "column": 58
        }
      },
      "102": {
        "start": {
          "line": 217,
          "column": 2
        },
        "end": {
          "line": 217,
          "column": 48
        }
      },
      "103": {
        "start": {
          "line": 217,
          "column": 16
        },
        "end": {
          "line": 217,
          "column": 48
        }
      },
      "104": {
        "start": {
          "line": 218,
          "column": 2
        },
        "end": {
          "line": 218,
          "column": 67
        }
      },
      "105": {
        "start": {
          "line": 218,
          "column": 23
        },
        "end": {
          "line": 218,
          "column": 67
        }
      },
      "106": {
        "start": {
          "line": 219,
          "column": 2
        },
        "end": {
          "line": 219,
          "column": 55
        }
      },
      "107": {
        "start": {
          "line": 219,
          "column": 23
        },
        "end": {
          "line": 219,
          "column": 55
        }
      },
      "108": {
        "start": {
          "line": 220,
          "column": 2
        },
        "end": {
          "line": 220,
          "column": 64
        }
      },
      "109": {
        "start": {
          "line": 220,
          "column": 39
        },
        "end": {
          "line": 220,
          "column": 61
        }
      },
      "110": {
        "start": {
          "line": 221,
          "column": 2
        },
        "end": {
          "line": 221,
          "column": 55
        }
      },
      "111": {
        "start": {
          "line": 221,
          "column": 23
        },
        "end": {
          "line": 221,
          "column": 55
        }
      },
      "112": {
        "start": {
          "line": 222,
          "column": 2
        },
        "end": {
          "line": 222,
          "column": 61
        }
      },
      "113": {
        "start": {
          "line": 222,
          "column": 26
        },
        "end": {
          "line": 222,
          "column": 61
        }
      },
      "114": {
        "start": {
          "line": 224,
          "column": 2
        },
        "end": {
          "line": 226,
          "column": 3
        }
      },
      "115": {
        "start": {
          "line": 225,
          "column": 4
        },
        "end": {
          "line": 225,
          "column": 37
        }
      },
      "116": {
        "start": {
          "line": 228,
          "column": 24
        },
        "end": {
          "line": 228,
          "column": 40
        }
      },
      "117": {
        "start": {
          "line": 229,
          "column": 2
        },
        "end": {
          "line": 231,
          "column": 3
        }
      },
      "118": {
        "start": {
          "line": 230,
          "column": 4
        },
        "end": {
          "line": 230,
          "column": 50
        }
      },
      "119": {
        "start": {
          "line": 232,
          "column": 2
        },
        "end": {
          "line": 234,
          "column": 3
        }
      },
      "120": {
        "start": {
          "line": 233,
          "column": 4
        },
        "end": {
          "line": 233,
          "column": 42
        }
      },
      "121": {
        "start": {
          "line": 237,
          "column": 2
        },
        "end": {
          "line": 247,
          "column": 11
        }
      },
      "122": {
        "start": {
          "line": 238,
          "column": 4
        },
        "end": {
          "line": 238,
          "column": 22
        }
      },
      "123": {
        "start": {
          "line": 239,
          "column": 4
        },
        "end": {
          "line": 241,
          "column": 5
        }
      },
      "124": {
        "start": {
          "line": 240,
          "column": 6
        },
        "end": {
          "line": 240,
          "column": 52
        }
      },
      "125": {
        "start": {
          "line": 242,
          "column": 4
        },
        "end": {
          "line": 246,
          "column": 5
        }
      },
      "126": {
        "start": {
          "line": 243,
          "column": 6
        },
        "end": {
          "line": 243,
          "column": 39
        }
      },
      "127": {
        "start": {
          "line": 245,
          "column": 6
        },
        "end": {
          "line": 245,
          "column": 49
        }
      },
      "128": {
        "start": {
          "line": 249,
          "column": 2
        },
        "end": {
          "line": 249,
          "column": 45
        }
      },
      "129": {
        "start": {
          "line": 259,
          "column": 2
        },
        "end": {
          "line": 259,
          "column": 16
        }
      },
      "130": {
        "start": {
          "line": 261,
          "column": 2
        },
        "end": {
          "line": 261,
          "column": 35
        }
      },
      "131": {
        "start": {
          "line": 262,
          "column": 2
        },
        "end": {
          "line": 262,
          "column": 55
        }
      },
      "132": {
        "start": {
          "line": 262,
          "column": 26
        },
        "end": {
          "line": 262,
          "column": 53
        }
      },
      "133": {
        "start": {
          "line": 266,
          "column": 22
        },
        "end": {
          "line": 266,
          "column": 50
        }
      },
      "134": {
        "start": {
          "line": 268,
          "column": 2
        },
        "end": {
          "line": 312,
          "column": 3
        }
      },
      "135": {
        "start": {
          "line": 269,
          "column": 4
        },
        "end": {
          "line": 271,
          "column": 6
        }
      },
      "136": {
        "start": {
          "line": 276,
          "column": 29
        },
        "end": {
          "line": 276,
          "column": 45
        }
      },
      "137": {
        "start": {
          "line": 278,
          "column": 4
        },
        "end": {
          "line": 311,
          "column": 5
        }
      },
      "138": {
        "start": {
          "line": 281,
          "column": 6
        },
        "end": {
          "line": 283,
          "column": 7
        }
      },
      "139": {
        "start": {
          "line": 282,
          "column": 8
        },
        "end": {
          "line": 282,
          "column": 42
        }
      },
      "140": {
        "start": {
          "line": 284,
          "column": 27
        },
        "end": {
          "line": 284,
          "column": 78
        }
      },
      "141": {
        "start": {
          "line": 285,
          "column": 6
        },
        "end": {
          "line": 287,
          "column": 7
        }
      },
      "142": {
        "start": {
          "line": 286,
          "column": 8
        },
        "end": {
          "line": 286,
          "column": 68
        }
      },
      "143": {
        "start": {
          "line": 288,
          "column": 6
        },
        "end": {
          "line": 288,
          "column": 31
        }
      },
      "144": {
        "start": {
          "line": 289,
          "column": 6
        },
        "end": {
          "line": 291,
          "column": 8
        }
      },
      "145": {
        "start": {
          "line": 296,
          "column": 28
        },
        "end": {
          "line": 296,
          "column": 59
        }
      },
      "146": {
        "start": {
          "line": 297,
          "column": 6
        },
        "end": {
          "line": 299,
          "column": 11
        }
      },
      "147": {
        "start": {
          "line": 300,
          "column": 6
        },
        "end": {
          "line": 307,
          "column": 7
        }
      },
      "148": {
        "start": {
          "line": 302,
          "column": 8
        },
        "end": {
          "line": 302,
          "column": 77
        }
      },
      "149": {
        "start": {
          "line": 303,
          "column": 13
        },
        "end": {
          "line": 307,
          "column": 7
        }
      },
      "150": {
        "start": {
          "line": 304,
          "column": 8
        },
        "end": {
          "line": 304,
          "column": 70
        }
      },
      "151": {
        "start": {
          "line": 306,
          "column": 8
        },
        "end": {
          "line": 306,
          "column": 77
        }
      },
      "152": {
        "start": {
          "line": 308,
          "column": 6
        },
        "end": {
          "line": 308,
          "column": 41
        }
      },
      "153": {
        "start": {
          "line": 315,
          "column": 2
        },
        "end": {
          "line": 315,
          "column": 50
        }
      },
      "154": {
        "start": {
          "line": 315,
          "column": 17
        },
        "end": {
          "line": 315,
          "column": 50
        }
      },
      "155": {
        "start": {
          "line": 316,
          "column": 2
        },
        "end": {
          "line": 316,
          "column": 56
        }
      },
      "156": {
        "start": {
          "line": 316,
          "column": 16
        },
        "end": {
          "line": 316,
          "column": 56
        }
      },
      "157": {
        "start": {
          "line": 317,
          "column": 2
        },
        "end": {
          "line": 317,
          "column": 68
        }
      },
      "158": {
        "start": {
          "line": 317,
          "column": 23
        },
        "end": {
          "line": 317,
          "column": 68
        }
      },
      "159": {
        "start": {
          "line": 318,
          "column": 2
        },
        "end": {
          "line": 318,
          "column": 56
        }
      },
      "160": {
        "start": {
          "line": 318,
          "column": 23
        },
        "end": {
          "line": 318,
          "column": 56
        }
      },
      "161": {
        "start": {
          "line": 319,
          "column": 2
        },
        "end": {
          "line": 319,
          "column": 65
        }
      },
      "162": {
        "start": {
          "line": 319,
          "column": 39
        },
        "end": {
          "line": 319,
          "column": 62
        }
      },
      "163": {
        "start": {
          "line": 320,
          "column": 2
        },
        "end": {
          "line": 320,
          "column": 56
        }
      },
      "164": {
        "start": {
          "line": 320,
          "column": 23
        },
        "end": {
          "line": 320,
          "column": 56
        }
      },
      "165": {
        "start": {
          "line": 321,
          "column": 2
        },
        "end": {
          "line": 321,
          "column": 62
        }
      },
      "166": {
        "start": {
          "line": 321,
          "column": 26
        },
        "end": {
          "line": 321,
          "column": 62
        }
      },
      "167": {
        "start": {
          "line": 324,
          "column": 38
        },
        "end": {
          "line": 326,
          "column": 3
        }
      },
      "168": {
        "start": {
          "line": 327,
          "column": 2
        },
        "end": {
          "line": 331,
          "column": 3
        }
      },
      "169": {
        "start": {
          "line": 328,
          "column": 4
        },
        "end": {
          "line": 328,
          "column": 79
        }
      },
      "170": {
        "start": {
          "line": 329,
          "column": 9
        },
        "end": {
          "line": 331,
          "column": 3
        }
      },
      "171": {
        "start": {
          "line": 330,
          "column": 4
        },
        "end": {
          "line": 330,
          "column": 51
        }
      },
      "172": {
        "start": {
          "line": 339,
          "column": 2
        },
        "end": {
          "line": 339,
          "column": 37
        }
      },
      "173": {
        "start": {
          "line": 339,
          "column": 30
        },
        "end": {
          "line": 339,
          "column": 37
        }
      },
      "174": {
        "start": {
          "line": 340,
          "column": 2
        },
        "end": {
          "line": 340,
          "column": 17
        }
      },
      "175": {
        "start": {
          "line": 341,
          "column": 2
        },
        "end": {
          "line": 341,
          "column": 10
        }
      },
      "176": {
        "start": {
          "line": 342,
          "column": 2
        },
        "end": {
          "line": 345,
          "column": 3
        }
      },
      "177": {
        "start": {
          "line": 344,
          "column": 4
        },
        "end": {
          "line": 344,
          "column": 43
        }
      },
      "178": {
        "start": {
          "line": 346,
          "column": 2
        },
        "end": {
          "line": 346,
          "column": 49
        }
      },
      "179": {
        "start": {
          "line": 346,
          "column": 18
        },
        "end": {
          "line": 346,
          "column": 49
        }
      },
      "180": {
        "start": {
          "line": 350,
          "column": 0
        },
        "end": {
          "line": 369,
          "column": 1
        }
      },
      "181": {
        "start": {
          "line": 351,
          "column": 2
        },
        "end": {
          "line": 368,
          "column": 5
        }
      },
      "182": {
        "start": {
          "line": 352,
          "column": 17
        },
        "end": {
          "line": 352,
          "column": 38
        }
      },
      "183": {
        "start": {
          "line": 353,
          "column": 4
        },
        "end": {
          "line": 367,
          "column": 5
        }
      },
      "184": {
        "start": {
          "line": 354,
          "column": 21
        },
        "end": {
          "line": 354,
          "column": 37
        }
      },
      "185": {
        "start": {
          "line": 355,
          "column": 6
        },
        "end": {
          "line": 362,
          "column": 8
        }
      },
      "186": {
        "start": {
          "line": 356,
          "column": 32
        },
        "end": {
          "line": 356,
          "column": 47
        }
      },
      "187": {
        "start": {
          "line": 357,
          "column": 8
        },
        "end": {
          "line": 359,
          "column": 11
        }
      },
      "188": {
        "start": {
          "line": 358,
          "column": 10
        },
        "end": {
          "line": 358,
          "column": 67
        }
      },
      "189": {
        "start": {
          "line": 360,
          "column": 8
        },
        "end": {
          "line": 360,
          "column": 45
        }
      },
      "190": {
        "start": {
          "line": 361,
          "column": 8
        },
        "end": {
          "line": 361,
          "column": 35
        }
      },
      "191": {
        "start": {
          "line": 363,
          "column": 6
        },
        "end": {
          "line": 363,
          "column": 33
        }
      },
      "192": {
        "start": {
          "line": 364,
          "column": 11
        },
        "end": {
          "line": 367,
          "column": 5
        }
      },
      "193": {
        "start": {
          "line": 365,
          "column": 6
        },
        "end": {
          "line": 365,
          "column": 80
        }
      },
      "194": {
        "start": {
          "line": 366,
          "column": 6
        },
        "end": {
          "line": 366,
          "column": 33
        }
      },
      "195": {
        "start": {
          "line": 372,
          "column": 0
        },
        "end": {
          "line": 393,
          "column": 1
        }
      },
      "196": {
        "start": {
          "line": 373,
          "column": 2
        },
        "end": {
          "line": 392,
          "column": 5
        }
      },
      "197": {
        "start": {
          "line": 375,
          "column": 4
        },
        "end": {
          "line": 383,
          "column": 5
        }
      },
      "198": {
        "start": {
          "line": 381,
          "column": 6
        },
        "end": {
          "line": 381,
          "column": 76
        }
      },
      "199": {
        "start": {
          "line": 382,
          "column": 6
        },
        "end": {
          "line": 382,
          "column": 13
        }
      },
      "200": {
        "start": {
          "line": 384,
          "column": 4
        },
        "end": {
          "line": 386,
          "column": 7
        }
      },
      "201": {
        "start": {
          "line": 385,
          "column": 6
        },
        "end": {
          "line": 385,
          "column": 40
        }
      },
      "202": {
        "start": {
          "line": 387,
          "column": 4
        },
        "end": {
          "line": 389,
          "column": 5
        }
      },
      "203": {
        "start": {
          "line": 388,
          "column": 6
        },
        "end": {
          "line": 388,
          "column": 33
        }
      },
      "204": {
        "start": {
          "line": 390,
          "column": 4
        },
        "end": {
          "line": 390,
          "column": 57
        }
      },
      "205": {
        "start": {
          "line": 391,
          "column": 4
        },
        "end": {
          "line": 391,
          "column": 69
        }
      },
      "206": {
        "start": {
          "line": 396,
          "column": 0
        },
        "end": {
          "line": 396,
          "column": 71
        }
      },
      "207": {
        "start": {
          "line": 396,
          "column": 24
        },
        "end": {
          "line": 396,
          "column": 69
        }
      },
      "208": {
        "start": {
          "line": 398,
          "column": 0
        },
        "end": {
          "line": 400,
          "column": 1
        }
      },
      "209": {
        "start": {
          "line": 399,
          "column": 2
        },
        "end": {
          "line": 399,
          "column": 48
        }
      },
      "210": {
        "start": {
          "line": 402,
          "column": 0
        },
        "end": {
          "line": 411,
          "column": 1
        }
      },
      "211": {
        "start": {
          "line": 403,
          "column": 2
        },
        "end": {
          "line": 410,
          "column": 5
        }
      },
      "212": {
        "start": {
          "line": 404,
          "column": 29
        },
        "end": {
          "line": 406,
          "column": 10
        }
      },
      "213": {
        "start": {
          "line": 409,
          "column": 4
        },
        "end": {
          "line": 409,
          "column": 43
        }
      },
      "214": {
        "start": {
          "line": 414,
          "column": 0
        },
        "end": {
          "line": 430,
          "column": 3
        }
      },
      "215": {
        "start": {
          "line": 415,
          "column": 30
        },
        "end": {
          "line": 417,
          "column": 3
        }
      },
      "216": {
        "start": {
          "line": 418,
          "column": 2
        },
        "end": {
          "line": 424,
          "column": 3
        }
      },
      "217": {
        "start": {
          "line": 419,
          "column": 4
        },
        "end": {
          "line": 419,
          "column": 49
        }
      },
      "218": {
        "start": {
          "line": 420,
          "column": 4
        },
        "end": {
          "line": 420,
          "column": 70
        }
      },
      "219": {
        "start": {
          "line": 421,
          "column": 4
        },
        "end": {
          "line": 423,
          "column": 5
        }
      },
      "220": {
        "start": {
          "line": 422,
          "column": 6
        },
        "end": {
          "line": 422,
          "column": 53
        }
      },
      "221": {
        "start": {
          "line": 425,
          "column": 2
        },
        "end": {
          "line": 427,
          "column": 3
        }
      },
      "222": {
        "start": {
          "line": 426,
          "column": 4
        },
        "end": {
          "line": 426,
          "column": 42
        }
      },
      "223": {
        "start": {
          "line": 428,
          "column": 2
        },
        "end": {
          "line": 428,
          "column": 50
        }
      },
      "224": {
        "start": {
          "line": 428,
          "column": 17
        },
        "end": {
          "line": 428,
          "column": 50
        }
      },
      "225": {
        "start": {
          "line": 429,
          "column": 2
        },
        "end": {
          "line": 429,
          "column": 27
        }
      },
      "226": {
        "start": {
          "line": 436,
          "column": 30
        },
        "end": {
          "line": 436,
          "column": 74
        }
      },
      "227": {
        "start": {
          "line": 437,
          "column": 2
        },
        "end": {
          "line": 437,
          "column": 35
        }
      },
      "228": {
        "start": {
          "line": 437,
          "column": 28
        },
        "end": {
          "line": 437,
          "column": 35
        }
      },
      "229": {
        "start": {
          "line": 439,
          "column": 24
        },
        "end": {
          "line": 439,
          "column": 60
        }
      },
      "230": {
        "start": {
          "line": 440,
          "column": 23
        },
        "end": {
          "line": 440,
          "column": 80
        }
      },
      "231": {
        "start": {
          "line": 440,
          "column": 68
        },
        "end": {
          "line": 440,
          "column": 79
        }
      },
      "232": {
        "start": {
          "line": 442,
          "column": 13
        },
        "end": {
          "line": 442,
          "column": 15
        }
      },
      "233": {
        "start": {
          "line": 443,
          "column": 2
        },
        "end": {
          "line": 451,
          "column": 5
        }
      },
      "234": {
        "start": {
          "line": 444,
          "column": 17
        },
        "end": {
          "line": 444,
          "column": 26
        }
      },
      "235": {
        "start": {
          "line": 445,
          "column": 20
        },
        "end": {
          "line": 445,
          "column": 22
        }
      },
      "236": {
        "start": {
          "line": 446,
          "column": 4
        },
        "end": {
          "line": 448,
          "column": 46
        }
      },
      "237": {
        "start": {
          "line": 446,
          "column": 20
        },
        "end": {
          "line": 446,
          "column": 41
        }
      },
      "238": {
        "start": {
          "line": 447,
          "column": 9
        },
        "end": {
          "line": 448,
          "column": 46
        }
      },
      "239": {
        "start": {
          "line": 447,
          "column": 25
        },
        "end": {
          "line": 447,
          "column": 46
        }
      },
      "240": {
        "start": {
          "line": 448,
          "column": 9
        },
        "end": {
          "line": 448,
          "column": 46
        }
      },
      "241": {
        "start": {
          "line": 448,
          "column": 25
        },
        "end": {
          "line": 448,
          "column": 46
        }
      },
      "242": {
        "start": {
          "line": 450,
          "column": 4
        },
        "end": {
          "line": 450,
          "column": 89
        }
      },
      "243": {
        "start": {
          "line": 453,
          "column": 2
        },
        "end": {
          "line": 453,
          "column": 66
        }
      },
      "244": {
        "start": {
          "line": 460,
          "column": 2
        },
        "end": {
          "line": 462,
          "column": 3
        }
      },
      "245": {
        "start": {
          "line": 461,
          "column": 4
        },
        "end": {
          "line": 461,
          "column": 42
        }
      },
      "246": {
        "start": {
          "line": 463,
          "column": 2
        },
        "end": {
          "line": 463,
          "column": 27
        }
      },
      "247": {
        "start": {
          "line": 464,
          "column": 2
        },
        "end": {
          "line": 464,
          "column": 83
        }
      },
      "248": {
        "start": {
          "line": 468,
          "column": 23
        },
        "end": {
          "line": 468,
          "column": 66
        }
      },
      "249": {
        "start": {
          "line": 469,
          "column": 0
        },
        "end": {
          "line": 471,
          "column": 1
        }
      },
      "250": {
        "start": {
          "line": 470,
          "column": 2
        },
        "end": {
          "line": 470,
          "column": 56
        }
      },
      "251": {
        "start": {
          "line": 473,
          "column": 0
        },
        "end": {
          "line": 475,
          "column": 3
        }
      },
      "252": {
        "start": {
          "line": 474,
          "column": 2
        },
        "end": {
          "line": 474,
          "column": 52
        }
      },
      "253": {
        "start": {
          "line": 477,
          "column": 0
        },
        "end": {
          "line": 481,
          "column": 3
        }
      },
      "254": {
        "start": {
          "line": 478,
          "column": 2
        },
        "end": {
          "line": 480,
          "column": 9
        }
      },
      "255": {
        "start": {
          "line": 479,
          "column": 4
        },
        "end": {
          "line": 479,
          "column": 57
        }
      }
    },
    "fnMap": {
      "0": {
        "name": "(anonymous_0)",
        "decl": {
          "start": {
            "line": 33,
            "column": 51
          },
          "end": {
            "line": 33,
            "column": 52
          }
        },
        "loc": {
          "start": {
            "line": 33,
            "column": 60
          },
          "end": {
            "line": 42,
            "column": 1
          }
        },
        "line": 33
      },
      "1": {
        "name": "(anonymous_1)",
        "decl": {
          "start": {
            "line": 34,
            "column": 32
          },
          "end": {
            "line": 34,
            "column": 33
          }
        },
        "loc": {
          "start": {
            "line": 34,
            "column": 44
          },
          "end": {
            "line": 41,
            "column": 3
          }
        },
        "line": 34
      },
      "2": {
        "name": "(anonymous_2)",
        "decl": {
          "start": {
            "line": 35,
            "column": 55
          },
          "end": {
            "line": 35,
            "column": 56
          }
        },
        "loc": {
          "start": {
            "line": 35,
            "column": 62
          },
          "end": {
            "line": 35,
            "column": 90
          }
        },
        "line": 35
      },
      "3": {
        "name": "showCustomMessage",
        "decl": {
          "start": {
            "line": 48,
            "column": 9
          },
          "end": {
            "line": 48,
            "column": 26
          }
        },
        "loc": {
          "start": {
            "line": 48,
            "column": 36
          },
          "end": {
            "line": 55,
            "column": 1
          }
        },
        "line": 48
      },
      "4": {
        "name": "playHitSound",
        "decl": {
          "start": {
            "line": 57,
            "column": 9
          },
          "end": {
            "line": 57,
            "column": 21
          }
        },
        "loc": {
          "start": {
            "line": 57,
            "column": 24
          },
          "end": {
            "line": 64,
            "column": 1
          }
        },
        "line": 57
      },
      "5": {
        "name": "(anonymous_5)",
        "decl": {
          "start": {
            "line": 68,
            "column": 45
          },
          "end": {
            "line": 68,
            "column": 46
          }
        },
        "loc": {
          "start": {
            "line": 68,
            "column": 51
          },
          "end": {
            "line": 70,
            "column": 3
          }
        },
        "line": 68
      },
      "6": {
        "name": "setActiveDurationButton",
        "decl": {
          "start": {
            "line": 77,
            "column": 9
          },
          "end": {
            "line": 77,
            "column": 32
          }
        },
        "loc": {
          "start": {
            "line": 77,
            "column": 46
          },
          "end": {
            "line": 89,
            "column": 1
          }
        },
        "line": 77
      },
      "7": {
        "name": "(anonymous_7)",
        "decl": {
          "start": {
            "line": 78,
            "column": 53
          },
          "end": {
            "line": 78,
            "column": 54
          }
        },
        "loc": {
          "start": {
            "line": 78,
            "column": 65
          },
          "end": {
            "line": 80,
            "column": 3
          }
        },
        "line": 78
      },
      "8": {
        "name": "(anonymous_8)",
        "decl": {
          "start": {
            "line": 92,
            "column": 24
          },
          "end": {
            "line": 92,
            "column": 25
          }
        },
        "loc": {
          "start": {
            "line": 92,
            "column": 36
          },
          "end": {
            "line": 108,
            "column": 1
          }
        },
        "line": 92
      },
      "9": {
        "name": "(anonymous_9)",
        "decl": {
          "start": {
            "line": 93,
            "column": 35
          },
          "end": {
            "line": 93,
            "column": 36
          }
        },
        "loc": {
          "start": {
            "line": 93,
            "column": 41
          },
          "end": {
            "line": 107,
            "column": 3
          }
        },
        "line": 93
      },
      "10": {
        "name": "getDifficultyLevel",
        "decl": {
          "start": {
            "line": 114,
            "column": 9
          },
          "end": {
            "line": 114,
            "column": 27
          }
        },
        "loc": {
          "start": {
            "line": 114,
            "column": 30
          },
          "end": {
            "line": 117,
            "column": 1
          }
        },
        "line": 114
      },
      "11": {
        "name": "getRandomTime",
        "decl": {
          "start": {
            "line": 125,
            "column": 9
          },
          "end": {
            "line": 125,
            "column": 22
          }
        },
        "loc": {
          "start": {
            "line": 125,
            "column": 33
          },
          "end": {
            "line": 127,
            "column": 1
          }
        },
        "line": 125
      },
      "12": {
        "name": "getRandomHole",
        "decl": {
          "start": {
            "line": 134,
            "column": 9
          },
          "end": {
            "line": 134,
            "column": 22
          }
        },
        "loc": {
          "start": {
            "line": 134,
            "column": 38
          },
          "end": {
            "line": 142,
            "column": 1
          }
        },
        "line": 134
      },
      "13": {
        "name": "makeMoleAppear",
        "decl": {
          "start": {
            "line": 149,
            "column": 9
          },
          "end": {
            "line": 149,
            "column": 23
          }
        },
        "loc": {
          "start": {
            "line": 149,
            "column": 52
          },
          "end": {
            "line": 170,
            "column": 1
          }
        },
        "line": 149
      },
      "14": {
        "name": "(anonymous_14)",
        "decl": {
          "start": {
            "line": 156,
            "column": 13
          },
          "end": {
            "line": 156,
            "column": 14
          }
        },
        "loc": {
          "start": {
            "line": 156,
            "column": 19
          },
          "end": {
            "line": 169,
            "column": 3
          }
        },
        "line": 156
      },
      "15": {
        "name": "(anonymous_15)",
        "decl": {
          "start": {
            "line": 165,
            "column": 8
          },
          "end": {
            "line": 165,
            "column": 9
          }
        },
        "loc": {
          "start": {
            "line": 165,
            "column": 14
          },
          "end": {
            "line": 165,
            "column": 56
          }
        },
        "line": 165
      },
      "16": {
        "name": "startGame",
        "decl": {
          "start": {
            "line": 175,
            "column": 9
          },
          "end": {
            "line": 175,
            "column": 18
          }
        },
        "loc": {
          "start": {
            "line": 175,
            "column": 21
          },
          "end": {
            "line": 250,
            "column": 1
          }
        },
        "line": 175
      },
      "17": {
        "name": "(anonymous_17)",
        "decl": {
          "start": {
            "line": 220,
            "column": 26
          },
          "end": {
            "line": 220,
            "column": 27
          }
        },
        "loc": {
          "start": {
            "line": 220,
            "column": 39
          },
          "end": {
            "line": 220,
            "column": 61
          }
        },
        "line": 220
      },
      "18": {
        "name": "(anonymous_18)",
        "decl": {
          "start": {
            "line": 237,
            "column": 34
          },
          "end": {
            "line": 237,
            "column": 35
          }
        },
        "loc": {
          "start": {
            "line": 237,
            "column": 40
          },
          "end": {
            "line": 247,
            "column": 3
          }
        },
        "line": 237
      },
      "19": {
        "name": "endGame",
        "decl": {
          "start": {
            "line": 258,
            "column": 9
          },
          "end": {
            "line": 258,
            "column": 16
          }
        },
        "loc": {
          "start": {
            "line": 258,
            "column": 61
          },
          "end": {
            "line": 332,
            "column": 1
          }
        },
        "line": 258
      },
      "20": {
        "name": "(anonymous_20)",
        "decl": {
          "start": {
            "line": 262,
            "column": 16
          },
          "end": {
            "line": 262,
            "column": 17
          }
        },
        "loc": {
          "start": {
            "line": 262,
            "column": 26
          },
          "end": {
            "line": 262,
            "column": 53
          }
        },
        "line": 262
      },
      "21": {
        "name": "(anonymous_21)",
        "decl": {
          "start": {
            "line": 319,
            "column": 26
          },
          "end": {
            "line": 319,
            "column": 27
          }
        },
        "loc": {
          "start": {
            "line": 319,
            "column": 39
          },
          "end": {
            "line": 319,
            "column": 62
          }
        },
        "line": 319
      },
      "22": {
        "name": "handleMoleHit",
        "decl": {
          "start": {
            "line": 338,
            "column": 9
          },
          "end": {
            "line": 338,
            "column": 22
          }
        },
        "loc": {
          "start": {
            "line": 338,
            "column": 26
          },
          "end": {
            "line": 347,
            "column": 1
          }
        },
        "line": 338
      },
      "23": {
        "name": "(anonymous_23)",
        "decl": {
          "start": {
            "line": 351,
            "column": 45
          },
          "end": {
            "line": 351,
            "column": 46
          }
        },
        "loc": {
          "start": {
            "line": 351,
            "column": 62
          },
          "end": {
            "line": 368,
            "column": 3
          }
        },
        "line": 351
      },
      "24": {
        "name": "(anonymous_24)",
        "decl": {
          "start": {
            "line": 355,
            "column": 22
          },
          "end": {
            "line": 355,
            "column": 23
          }
        },
        "loc": {
          "start": {
            "line": 355,
            "column": 35
          },
          "end": {
            "line": 362,
            "column": 7
          }
        },
        "line": 355
      },
      "25": {
        "name": "(anonymous_25)",
        "decl": {
          "start": {
            "line": 357,
            "column": 22
          },
          "end": {
            "line": 357,
            "column": 23
          }
        },
        "loc": {
          "start": {
            "line": 357,
            "column": 34
          },
          "end": {
            "line": 359,
            "column": 9
          }
        },
        "line": 357
      },
      "26": {
        "name": "(anonymous_26)",
        "decl": {
          "start": {
            "line": 373,
            "column": 47
          },
          "end": {
            "line": 373,
            "column": 48
          }
        },
        "loc": {
          "start": {
            "line": 373,
            "column": 59
          },
          "end": {
            "line": 392,
            "column": 3
          }
        },
        "line": 373
      },
      "27": {
        "name": "(anonymous_27)",
        "decl": {
          "start": {
            "line": 384,
            "column": 18
          },
          "end": {
            "line": 384,
            "column": 19
          }
        },
        "loc": {
          "start": {
            "line": 384,
            "column": 30
          },
          "end": {
            "line": 386,
            "column": 5
          }
        },
        "line": 384
      },
      "28": {
        "name": "(anonymous_28)",
        "decl": {
          "start": {
            "line": 396,
            "column": 14
          },
          "end": {
            "line": 396,
            "column": 15
          }
        },
        "loc": {
          "start": {
            "line": 396,
            "column": 24
          },
          "end": {
            "line": 396,
            "column": 69
          }
        },
        "line": 396
      },
      "29": {
        "name": "(anonymous_29)",
        "decl": {
          "start": {
            "line": 403,
            "column": 38
          },
          "end": {
            "line": 403,
            "column": 39
          }
        },
        "loc": {
          "start": {
            "line": 403,
            "column": 44
          },
          "end": {
            "line": 410,
            "column": 3
          }
        },
        "line": 403
      },
      "30": {
        "name": "(anonymous_30)",
        "decl": {
          "start": {
            "line": 414,
            "column": 46
          },
          "end": {
            "line": 414,
            "column": 47
          }
        },
        "loc": {
          "start": {
            "line": 414,
            "column": 52
          },
          "end": {
            "line": 430,
            "column": 1
          }
        },
        "line": 414
      },
      "31": {
        "name": "updateHighScoreDisplay",
        "decl": {
          "start": {
            "line": 435,
            "column": 9
          },
          "end": {
            "line": 435,
            "column": 31
          }
        },
        "loc": {
          "start": {
            "line": 435,
            "column": 34
          },
          "end": {
            "line": 454,
            "column": 1
          }
        },
        "line": 435
      },
      "32": {
        "name": "(anonymous_32)",
        "decl": {
          "start": {
            "line": 440,
            "column": 58
          },
          "end": {
            "line": 440,
            "column": 59
          }
        },
        "loc": {
          "start": {
            "line": 440,
            "column": 68
          },
          "end": {
            "line": 440,
            "column": 79
          }
        },
        "line": 440
      },
      "33": {
        "name": "(anonymous_33)",
        "decl": {
          "start": {
            "line": 443,
            "column": 23
          },
          "end": {
            "line": 443,
            "column": 24
          }
        },
        "loc": {
          "start": {
            "line": 443,
            "column": 52
          },
          "end": {
            "line": 451,
            "column": 3
          }
        },
        "line": 443
      },
      "34": {
        "name": "resetScores",
        "decl": {
          "start": {
            "line": 459,
            "column": 9
          },
          "end": {
            "line": 459,
            "column": 20
          }
        },
        "loc": {
          "start": {
            "line": 459,
            "column": 23
          },
          "end": {
            "line": 465,
            "column": 1
          }
        },
        "line": 459
      },
      "35": {
        "name": "(anonymous_35)",
        "decl": {
          "start": {
            "line": 473,
            "column": 39
          },
          "end": {
            "line": 473,
            "column": 40
          }
        },
        "loc": {
          "start": {
            "line": 473,
            "column": 45
          },
          "end": {
            "line": 475,
            "column": 1
          }
        },
        "line": 473
      },
      "36": {
        "name": "(anonymous_36)",
        "decl": {
          "start": {
            "line": 477,
            "column": 37
          },
          "end": {
            "line": 477,
            "column": 38
          }
        },
        "loc": {
          "start": {
            "line": 477,
            "column": 43
          },
          "end": {
            "line": 481,
            "column": 1
          }
        },
        "line": 477
      },
      "37": {
        "name": "(anonymous_37)",
        "decl": {
          "start": {
            "line": 478,
            "column": 13
          },
          "end": {
            "line": 478,
            "column": 14
          }
        },
        "loc": {
          "start": {
            "line": 478,
            "column": 19
          },
          "end": {
            "line": 480,
            "column": 3
          }
        },
        "line": 478
      }
    },
    "branchMap": {
      "0": {
        "loc": {
          "start": {
            "line": 49,
            "column": 2
          },
          "end": {
            "line": 51,
            "column": 3
          }
        },
        "type": "if",
        "locations": [
          {
            "start": {
              "line": 49,
              "column": 2
            },
            "end": {
              "line": 51,
              "column": 3
            }
          },
          {
            "start": {},
            "end": {}
          }
        ],
        "line": 49
      },
      "1": {
        "loc": {
          "start": {
            "line": 52,
            "column": 2
          },
          "end": {
            "line": 54,
            "column": 3
          }
        },
        "type": "if",
        "locations": [
          {
            "start": {
              "line": 52,
              "column": 2
            },
            "end": {
              "line": 54,
              "column": 3
            }
          },
          {
            "start": {},
            "end": {}
          }
        ],
        "line": 52
      },
      "2": {
        "loc": {
          "start": {
            "line": 59,
            "column": 2
          },
          "end": {
            "line": 63,
            "column": 3
          }
        },
        "type": "if",
        "locations": [
          {
            "start": {
              "line": 59,
              "column": 2
            },
            "end": {
              "line": 63,
              "column": 3
            }
          },
          {
            "start": {},
            "end": {}
          }
        ],
        "line": 59
      },
      "3": {
        "loc": {
          "start": {
            "line": 67,
            "column": 0
          },
          "end": {
            "line": 71,
            "column": 1
          }
        },
        "type": "if",
        "locations": [
          {
            "start": {
              "line": 67,
              "column": 0
            },
            "end": {
              "line": 71,
              "column": 1
            }
          },
          {
            "start": {},
            "end": {}
          }
        ],
        "line": 67
      },
      "4": {
        "loc": {
          "start": {
            "line": 67,
            "column": 4
          },
          "end": {
            "line": 67,
            "column": 41
          }
        },
        "type": "binary-expr",
        "locations": [
          {
            "start": {
              "line": 67,
              "column": 4
            },
            "end": {
              "line": 67,
              "column": 20
            }
          },
          {
            "start": {
              "line": 67,
              "column": 24
            },
            "end": {
              "line": 67,
              "column": 41
            }
          }
        ],
        "line": 67
      },
      "5": {
        "loc": {
          "start": {
            "line": 81,
            "column": 2
          },
          "end": {
            "line": 88,
            "column": 3
          }
        },
        "type": "if",
        "locations": [
          {
            "start": {
              "line": 81,
              "column": 2
            },
            "end": {
              "line": 88,
              "column": 3
            }
          },
          {
            "start": {},
            "end": {}
          }
        ],
        "line": 81
      },
      "6": {
        "loc": {
          "start": {
            "line": 85,
            "column": 4
          },
          "end": {
            "line": 87,
            "column": 5
          }
        },
        "type": "if",
        "locations": [
          {
            "start": {
              "line": 85,
              "column": 4
            },
            "end": {
              "line": 87,
              "column": 5
            }
          },
          {
            "start": {},
            "end": {}
          }
        ],
        "line": 85
      },
      "7": {
        "loc": {
          "start": {
            "line": 95,
            "column": 4
          },
          "end": {
            "line": 103,
            "column": 5
          }
        },
        "type": "if",
        "locations": [
          {
            "start": {
              "line": 95,
              "column": 4
            },
            "end": {
              "line": 103,
              "column": 5
            }
          },
          {
            "start": {},
            "end": {}
          }
        ],
        "line": 95
      },
      "8": {
        "loc": {
          "start": {
            "line": 96,
            "column": 6
          },
          "end": {
            "line": 97,
            "column": 40
          }
        },
        "type": "binary-expr",
        "locations": [
          {
            "start": {
              "line": 96,
              "column": 6
            },
            "end": {
              "line": 96,
              "column": 39
            }
          },
          {
            "start": {
              "line": 97,
              "column": 6
            },
            "end": {
              "line": 97,
              "column": 40
            }
          }
        ],
        "line": 96
      },
      "9": {
        "loc": {
          "start": {
            "line": 116,
            "column": 9
          },
          "end": {
            "line": 116,
            "column": 50
          }
        },
        "type": "cond-expr",
        "locations": [
          {
            "start": {
              "line": 116,
              "column": 25
            },
            "end": {
              "line": 116,
              "column": 41
            }
          },
          {
            "start": {
              "line": 116,
              "column": 44
            },
            "end": {
              "line": 116,
              "column": 50
            }
          }
        ],
        "line": 116
      },
      "10": {
        "loc": {
          "start": {
            "line": 137,
            "column": 2
          },
          "end": {
            "line": 139,
            "column": 3
          }
        },
        "type": "if",
        "locations": [
          {
            "start": {
              "line": 137,
              "column": 2
            },
            "end": {
              "line": 139,
              "column": 3
            }
          },
          {
            "start": {},
            "end": {}
          }
        ],
        "line": 137
      },
      "11": {
        "loc": {
          "start": {
            "line": 150,
            "column": 2
          },
          "end": {
            "line": 150,
            "column": 21
          }
        },
        "type": "if",
        "locations": [
          {
            "start": {
              "line": 150,
              "column": 2
            },
            "end": {
              "line": 150,
              "column": 21
            }
          },
          {
            "start": {},
            "end": {}
          }
        ],
        "line": 150
      },
      "12": {
        "loc": {
          "start": {
            "line": 162,
            "column": 4
          },
          "end": {
            "line": 168,
            "column": 5
          }
        },
        "type": "if",
        "locations": [
          {
            "start": {
              "line": 162,
              "column": 4
            },
            "end": {
              "line": 168,
              "column": 5
            }
          },
          {
            "start": {},
            "end": {}
          }
        ],
        "line": 162
      },
      "13": {
        "loc": {
          "start": {
            "line": 182,
            "column": 2
          },
          "end": {
            "line": 185,
            "column": 3
          }
        },
        "type": "if",
        "locations": [
          {
            "start": {
              "line": 182,
              "column": 2
            },
            "end": {
              "line": 185,
              "column": 3
            }
          },
          {
            "start": {},
            "end": {}
          }
        ],
        "line": 182
      },
      "14": {
        "loc": {
          "start": {
            "line": 189,
            "column": 2
          },
          "end": {
            "line": 205,
            "column": 3
          }
        },
        "type": "switch",
        "locations": [
          {
            "start": {
              "line": 190,
              "column": 4
            },
            "end": {
              "line": 193,
              "column": 12
            }
          },
          {
            "start": {
              "line": 194,
              "column": 4
            },
            "end": {
              "line": 197,
              "column": 12
            }
          },
          {
            "start": {
              "line": 198,
              "column": 4
            },
            "end": {
              "line": 201,
              "column": 12
            }
          },
          {
            "start": {
              "line": 202,
              "column": 4
            },
            "end": {
              "line": 204,
              "column": 26
            }
          }
        ],
        "line": 189
      },
      "15": {
        "loc": {
          "start": {
            "line": 212,
            "column": 2
          },
          "end": {
            "line": 212,
            "column": 49
          }
        },
        "type": "if",
        "locations": [
          {
            "start": {
              "line": 212,
              "column": 2
            },
            "end": {
              "line": 212,
              "column": 49
            }
          },
          {
            "start": {},
            "end": {}
          }
        ],
        "line": 212
      },
      "16": {
        "loc": {
          "start": {
            "line": 216,
            "column": 2
          },
          "end": {
            "line": 216,
            "column": 58
          }
        },
        "type": "if",
        "locations": [
          {
            "start": {
              "line": 216,
              "column": 2
            },
            "end": {
              "line": 216,
              "column": 58
            }
          },
          {
            "start": {},
            "end": {}
          }
        ],
        "line": 216
      },
      "17": {
        "loc": {
          "start": {
            "line": 217,
            "column": 2
          },
          "end": {
            "line": 217,
            "column": 48
          }
        },
        "type": "if",
        "locations": [
          {
            "start": {
              "line": 217,
              "column": 2
            },
            "end": {
              "line": 217,
              "column": 48
            }
          },
          {
            "start": {},
            "end": {}
          }
        ],
        "line": 217
      },
      "18": {
        "loc": {
          "start": {
            "line": 218,
            "column": 2
          },
          "end": {
            "line": 218,
            "column": 67
          }
        },
        "type": "if",
        "locations": [
          {
            "start": {
              "line": 218,
              "column": 2
            },
            "end": {
              "line": 218,
              "column": 67
            }
          },
          {
            "start": {},
            "end": {}
          }
        ],
        "line": 218
      },
      "19": {
        "loc": {
          "start": {
            "line": 219,
            "column": 2
          },
          "end": {
            "line": 219,
            "column": 55
          }
        },
        "type": "if",
        "locations": [
          {
            "start": {
              "line": 219,
              "column": 2
            },
            "end": {
              "line": 219,
              "column": 55
            }
          },
          {
            "start": {},
            "end": {}
          }
        ],
        "line": 219
      },
      "20": {
        "loc": {
          "start": {
            "line": 221,
            "column": 2
          },
          "end": {
            "line": 221,
            "column": 55
          }
        },
        "type": "if",
        "locations": [
          {
            "start": {
              "line": 221,
              "column": 2
            },
            "end": {
              "line": 221,
              "column": 55
            }
          },
          {
            "start": {},
            "end": {}
          }
        ],
        "line": 221
      },
      "21": {
        "loc": {
          "start": {
            "line": 222,
            "column": 2
          },
          "end": {
            "line": 222,
            "column": 61
          }
        },
        "type": "if",
        "locations": [
          {
            "start": {
              "line": 222,
              "column": 2
            },
            "end": {
              "line": 222,
              "column": 61
            }
          },
          {
            "start": {},
            "end": {}
          }
        ],
        "line": 222
      },
      "22": {
        "loc": {
          "start": {
            "line": 224,
            "column": 2
          },
          "end": {
            "line": 226,
            "column": 3
          }
        },
        "type": "if",
        "locations": [
          {
            "start": {
              "line": 224,
              "column": 2
            },
            "end": {
              "line": 226,
              "column": 3
            }
          },
          {
            "start": {},
            "end": {}
          }
        ],
        "line": 224
      },
      "23": {
        "loc": {
          "start": {
            "line": 229,
            "column": 2
          },
          "end": {
            "line": 231,
            "column": 3
          }
        },
        "type": "if",
        "locations": [
          {
            "start": {
              "line": 229,
              "column": 2
            },
            "end": {
              "line": 231,
              "column": 3
            }
          },
          {
            "start": {},
            "end": {}
          }
        ],
        "line": 229
      },
      "24": {
        "loc": {
          "start": {
            "line": 232,
            "column": 2
          },
          "end": {
            "line": 234,
            "column": 3
          }
        },
        "type": "if",
        "locations": [
          {
            "start": {
              "line": 232,
              "column": 2
            },
            "end": {
              "line": 234,
              "column": 3
            }
          },
          {
            "start": {},
            "end": {}
          }
        ],
        "line": 232
      },
      "25": {
        "loc": {
          "start": {
            "line": 239,
            "column": 4
          },
          "end": {
            "line": 241,
            "column": 5
          }
        },
        "type": "if",
        "locations": [
          {
            "start": {
              "line": 239,
              "column": 4
            },
            "end": {
              "line": 241,
              "column": 5
            }
          },
          {
            "start": {},
            "end": {}
          }
        ],
        "line": 239
      },
      "26": {
        "loc": {
          "start": {
            "line": 242,
            "column": 4
          },
          "end": {
            "line": 246,
            "column": 5
          }
        },
        "type": "if",
        "locations": [
          {
            "start": {
              "line": 242,
              "column": 4
            },
            "end": {
              "line": 246,
              "column": 5
            }
          },
          {
            "start": {},
            "end": {}
          }
        ],
        "line": 242
      },
      "27": {
        "loc": {
          "start": {
            "line": 258,
            "column": 40
          },
          "end": {
            "line": 258,
            "column": 59
          }
        },
        "type": "default-arg",
        "locations": [
          {
            "start": {
              "line": 258,
              "column": 54
            },
            "end": {
              "line": 258,
              "column": 59
            }
          }
        ],
        "line": 258
      },
      "28": {
        "loc": {
          "start": {
            "line": 266,
            "column": 22
          },
          "end": {
            "line": 266,
            "column": 50
          }
        },
        "type": "binary-expr",
        "locations": [
          {
            "start": {
              "line": 266,
              "column": 22
            },
            "end": {
              "line": 266,
              "column": 38
            }
          },
          {
            "start": {
              "line": 266,
              "column": 42
            },
            "end": {
              "line": 266,
              "column": 50
            }
          }
        ],
        "line": 266
      },
      "29": {
        "loc": {
          "start": {
            "line": 268,
            "column": 2
          },
          "end": {
            "line": 312,
            "column": 3
          }
        },
        "type": "if",
        "locations": [
          {
            "start": {
              "line": 268,
              "column": 2
            },
            "end": {
              "line": 312,
              "column": 3
            }
          },
          {
            "start": {
              "line": 273,
              "column": 9
            },
            "end": {
              "line": 312,
              "column": 3
            }
          }
        ],
        "line": 268
      },
      "30": {
        "loc": {
          "start": {
            "line": 278,
            "column": 4
[...]
              "column": 0
            },
            "end": {
              "line": 393,
              "column": 1
            }
          },
          {
            "start": {},
            "end": {}
          }
        ],
        "line": 372
      },
      "58": {
        "loc": {
          "start": {
            "line": 375,
            "column": 4
          },
          "end": {
            "line": 383,
            "column": 5
          }
        },
        "type": "if",
        "locations": [
          {
            "start": {
              "line": 375,
              "column": 4
            },
            "end": {
              "line": 383,
              "column": 5
            }
          },
          {
            "start": {},
            "end": {}
          }
        ],
        "line": 375
      },
      "59": {
        "loc": {
          "start": {
            "line": 376,
            "column": 6
          },
          "end": {
            "line": 379,
            "column": 40
          }
        },
        "type": "binary-expr",
        "locations": [
          {
            "start": {
              "line": 376,
              "column": 6
            },
            "end": {
              "line": 376,
              "column": 14
            }
          },
          {
            "start": {
              "line": 377,
              "column": 6
            },
            "end": {
              "line": 377,
              "column": 15
            }
          },
          {
            "start": {
              "line": 378,
              "column": 6
            },
            "end": {
              "line": 378,
              "column": 39
            }
          },
          {
            "start": {
              "line": 379,
              "column": 6
            },
            "end": {
              "line": 379,
              "column": 40
            }
          }
        ],
        "line": 376
      },
      "60": {
        "loc": {
          "start": {
            "line": 387,
            "column": 4
          },
          "end": {
            "line": 389,
            "column": 5
          }
        },
        "type": "if",
        "locations": [
          {
            "start": {
              "line": 387,
              "column": 4
            },
            "end": {
              "line": 389,
              "column": 5
            }
          },
          {
            "start": {},
            "end": {}
          }
        ],
        "line": 387
      },
      "61": {
        "loc": {
          "start": {
            "line": 398,
            "column": 0
          },
          "end": {
            "line": 400,
            "column": 1
          }
        },
        "type": "if",
        "locations": [
          {
            "start": {
              "line": 398,
              "column": 0
            },
            "end": {
              "line": 400,
              "column": 1
            }
          },
          {
            "start": {},
            "end": {}
          }
        ],
        "line": 398
      },
      "62": {
        "loc": {
          "start": {
            "line": 402,
            "column": 0
          },
          "end": {
            "line": 411,
            "column": 1
          }
        },
        "type": "if",
        "locations": [
          {
            "start": {
              "line": 402,
              "column": 0
            },
            "end": {
              "line": 411,
              "column": 1
            }
          },
          {
            "start": {},
            "end": {}
          }
        ],
        "line": 402
      },
      "63": {
        "loc": {
          "start": {
            "line": 404,
            "column": 29
          },
          "end": {
            "line": 406,
            "column": 10
          }
        },
        "type": "cond-expr",
        "locations": [
          {
            "start": {
              "line": 405,
              "column": 8
            },
            "end": {
              "line": 405,
              "column": 36
            }
          },
          {
            "start": {
              "line": 406,
              "column": 8
            },
            "end": {
              "line": 406,
              "column": 10
            }
          }
        ],
        "line": 404
      },
      "64": {
        "loc": {
          "start": {
            "line": 418,
            "column": 2
          },
          "end": {
            "line": 424,
            "column": 3
          }
        },
        "type": "if",
        "locations": [
          {
            "start": {
              "line": 418,
              "column": 2
            },
            "end": {
              "line": 424,
              "column": 3
            }
          },
          {
            "start": {},
            "end": {}
          }
        ],
        "line": 418
      },
      "65": {
        "loc": {
          "start": {
            "line": 421,
            "column": 4
          },
          "end": {
            "line": 423,
            "column": 5
          }
        },
        "type": "if",
        "locations": [
          {
            "start": {
              "line": 421,
              "column": 4
            },
            "end": {
              "line": 423,
              "column": 5
            }
          },
          {
            "start": {},
            "end": {}
          }
        ],
        "line": 421
      },
      "66": {
        "loc": {
          "start": {
            "line": 425,
            "column": 2
          },
          "end": {
            "line": 427,
            "column": 3
          }
        },
        "type": "if",
        "locations": [
          {
            "start": {
              "line": 425,
              "column": 2
            },
            "end": {
              "line": 427,
              "column": 3
            }
          },
          {
            "start": {},
            "end": {}
          }
        ],
        "line": 425
      },
      "67": {
        "loc": {
          "start": {
            "line": 428,
            "column": 2
          },
          "end": {
            "line": 428,
            "column": 50
          }
        },
        "type": "if",
        "locations": [
          {
            "start": {
              "line": 428,
              "column": 2
            },
            "end": {
              "line": 428,
              "column": 50
            }
          },
          {
            "start": {},
            "end": {}
          }
        ],
        "line": 428
      },
      "68": {
        "loc": {
          "start": {
            "line": 437,
            "column": 2
          },
          "end": {
            "line": 437,
            "column": 35
          }
        },
        "type": "if",
        "locations": [
          {
            "start": {
              "line": 437,
              "column": 2
            },
            "end": {
              "line": 437,
              "column": 35
            }
          },
          {
            "start": {},
            "end": {}
          }
        ],
        "line": 437
      },
      "69": {
        "loc": {
          "start": {
            "line": 439,
            "column": 24
          },
          "end": {
            "line": 439,
            "column": 60
          }
        },
        "type": "binary-expr",
        "locations": [
          {
            "start": {
              "line": 439,
              "column": 24
            },
            "end": {
              "line": 439,
              "column": 54
            }
          },
          {
            "start": {
              "line": 439,
              "column": 58
            },
            "end": {
              "line": 439,
              "column": 60
            }
          }
        ],
        "line": 439
      },
      "70": {
        "loc": {
          "start": {
            "line": 446,
            "column": 4
          },
          "end": {
            "line": 448,
            "column": 46
          }
        },
        "type": "if",
        "locations": [
          {
            "start": {
              "line": 446,
              "column": 4
            },
            "end": {
              "line": 448,
              "column": 46
            }
          },
          {
            "start": {
              "line": 447,
              "column": 9
            },
            "end": {
              "line": 448,
              "column": 46
            }
          }
        ],
        "line": 446
      },
      "71": {
        "loc": {
          "start": {
            "line": 447,
            "column": 9
          },
          "end": {
            "line": 448,
            "column": 46
          }
        },
        "type": "if",
        "locations": [
          {
            "start": {
              "line": 447,
              "column": 9
            },
            "end": {
              "line": 448,
              "column": 46
            }
          },
          {
            "start": {
              "line": 448,
              "column": 9
            },
            "end": {
              "line": 448,
              "column": 46
            }
          }
        ],
        "line": 447
      },
      "72": {
        "loc": {
          "start": {
            "line": 448,
            "column": 9
          },
          "end": {
            "line": 448,
            "column": 46
          }
        },
        "type": "if",
        "locations": [
          {
            "start": {
              "line": 448,
              "column": 9
            },
            "end": {
              "line": 448,
              "column": 46
            }
          },
          {
            "start": {},
            "end": {}
          }
        ],
        "line": 448
      },
      "73": {
        "loc": {
          "start": {
            "line": 453,
            "column": 34
          },
          "end": {
            "line": 453,
            "column": 65
          }
        },
        "type": "binary-expr",
        "locations": [
          {
            "start": {
              "line": 453,
              "column": 34
            },
            "end": {
              "line": 453,
              "column": 38
            }
          },
          {
            "start": {
              "line": 453,
              "column": 42
            },
            "end": {
              "line": 453,
              "column": 65
            }
          }
        ],
        "line": 453
      },
      "74": {
        "loc": {
          "start": {
            "line": 460,
            "column": 2
          },
          "end": {
            "line": 462,
            "column": 3
          }
        },
        "type": "if",
        "locations": [
          {
            "start": {
              "line": 460,
              "column": 2
            },
            "end": {
              "line": 462,
              "column": 3
            }
          },
          {
            "start": {},
            "end": {}
          }
        ],
        "line": 460
      },
      "75": {
        "loc": {
          "start": {
            "line": 469,
            "column": 0
          },
          "end": {
            "line": 471,
            "column": 1
          }
        },
        "type": "if",
        "locations": [
          {
            "start": {
              "line": 469,
              "column": 0
            },
            "end": {
              "line": 471,
              "column": 1
            }
          },
          {
            "start": {},
            "end": {}
          }
        ],
        "line": 469
      }
    },
    "s": {
      "0": 20,
      "1": 20,
      "2": 20,
      "3": 20,
      "4": 20,
      "5": 20,
      "6": 20,
      "7": 20,
      "8": 20,
      "9": 20,
      "10": 20,
      "11": 20,
      "12": 20,
      "13": 20,
      "14": 20,
      "15": 20,
      "16": 20,
      "17": 20,
      "18": 20,
      "19": 20,
      "20": 20,
      "21": 60,
      "22": 6,
      "23": 18,
      "24": 6,
      "25": 6,
      "26": 6,
      "27": 6,
      "28": 12,
      "29": 12,
      "30": 12,
      "31": 12,
      "32": 0,
      "33": 0,
      "34": 0,
      "35": 0,
      "36": 0,
      "37": 20,
      "38": 20,
      "39": 12,
      "40": 6,
      "41": 18,
      "42": 6,
      "43": 6,
      "44": 6,
      "45": 6,
      "46": 6,
      "47": 6,
      "48": 20,
      "49": 60,
      "50": 6,
      "51": 0,
      "52": 0,
      "53": 6,
      "54": 6,
      "55": 6,
      "56": 10,
      "57": 10,
      "58": 88,
      "59": 51,
      "60": 51,
      "61": 51,
      "62": 6,
      "63": 45,
      "64": 45,
      "65": 47,
      "66": 2,
      "67": 45,
      "68": 45,
      "69": 45,
      "70": 45,
      "71": 43,
      "72": 43,
      "73": 43,
      "74": 42,
      "75": 37,
      "76": 12,
      "77": 12,
      "78": 12,
      "79": 12,
      "80": 2,
      "81": 2,
      "82": 10,
      "83": 10,
      "84": 8,
      "85": 8,
      "86": 8,
      "87": 2,
      "88": 2,
      "89": 2,
      "90": 0,
      "91": 0,
      "92": 0,
      "93": 0,
      "94": 0,
      "95": 10,
      "96": 10,
      "97": 10,
      "98": 10,
      "99": 10,
      "100": 10,
      "101": 10,
      "102": 10,
      "103": 10,
      "104": 10,
      "105": 10,
      "106": 10,
      "107": 10,
      "108": 10,
      "109": 30,
      "110": 10,
      "111": 10,
      "112": 10,
      "113": 10,
      "114": 10,
      "115": 0,
      "116": 10,
      "117": 10,
      "118": 10,
      "119": 10,
      "120": 10,
      "121": 10,
      "122": 72,
      "123": 72,
      "124": 72,
      "125": 72,
      "126": 4,
      "127": 4,
      "128": 10,
      "129": 6,
      "130": 6,
      "131": 6,
      "132": 36,
      "133": 6,
      "134": 6,
      "135": 2,
      "136": 4,
      "137": 4,
      "138": 4,
      "139": 4,
      "140": 4,
      "141": 4,
      "142": 0,
      "143": 4,
      "144": 4,
      "145": 0,
      "146": 0,
      "147": 0,
      "148": 0,
      "149": 0,
      "150": 0,
      "151": 0,
      "152": 0,
      "153": 6,
      "154": 6,
      "155": 6,
      "156": 6,
      "157": 6,
      "158": 6,
      "159": 6,
      "160": 6,
      "161": 6,
      "162": 18,
      "163": 6,
      "164": 6,
      "165": 6,
      "166": 6,
      "167": 6,
      "168": 6,
      "169": 6,
      "170": 0,
      "171": 0,
      "172": 4,
      "173": 4,
      "174": 0,
      "175": 0,
      "176": 0,
      "177": 0,
      "178": 0,
      "179": 0,
      "180": 20,
      "181": 20,
      "182": 2,
      "183": 2,
      "184": 2,
      "185": 2,
      "186": 2,
      "187": 2,
      "188": 12,
      "189": 2,
      "190": 2,
      "191": 2,
      "192": 0,
      "193": 0,
      "194": 0,
      "195": 20,
      "196": 20,
      "197": 2,
      "198": 0,
      "199": 0,
      "200": 2,
      "201": 12,
      "202": 2,
      "203": 2,
      "204": 2,
      "205": 2,
      "206": 20,
      "207": 120,
      "208": 20,
      "209": 20,
      "210": 20,
      "211": 20,
      "212": 2,
      "213": 2,
      "214": 20,
      "215": 20,
      "216": 20,
      "217": 0,
      "218": 0,
      "219": 0,
      "220": 0,
      "221": 20,
      "222": 20,
      "223": 20,
      "224": 20,
      "225": 20,
      "226": 32,
      "227": 32,
      "228": 0,
      "229": 32,
      "230": 32,
      "231": 0,
      "232": 32,
      "233": 32,
      "234": 0,
      "235": 0,
      "236": 0,
      "237": 0,
      "238": 0,
      "239": 0,
      "240": 0,
      "241": 0,
      "242": 0,
      "243": 32,
      "244": 2,
      "245": 2,
      "246": 2,
      "247": 2,
      "248": 20,
      "249": 20,
      "250": 20,
      "251": 20,
      "252": 52,
      "253": 20,
      "254": 52,
      "255": 52
    },
    "f": {
      "0": 60,
      "1": 6,
      "2": 18,
      "3": 12,
      "4": 0,
      "5": 12,
      "6": 6,
      "7": 18,
      "8": 60,
      "9": 6,
      "10": 10,
      "11": 88,
      "12": 51,
      "13": 47,
      "14": 43,
      "15": 37,
      "16": 12,
      "17": 30,
      "18": 72,
      "19": 6,
      "20": 36,
      "21": 18,
      "22": 4,
      "23": 2,
      "24": 2,
      "25": 12,
      "26": 2,
      "27": 12,
      "28": 120,
      "29": 2,
      "30": 20,
      "31": 32,
      "32": 0,
      "33": 0,
      "34": 2,
      "35": 52,
      "36": 52,
      "37": 52
    },
    "b": {
      "0": [
        12,
        0
      ],
      "1": [
        12,
        0
      ],
      "2": [
        0,
        0
      ],
      "3": [
        20,
        0
      ],
      "4": [
        20,
        20
      ],
      "5": [
        6,
        0
      ],
      "6": [
        6,
        0
      ],
      "7": [
        0,
        6
      ],
      "8": [
        6,
        0
      ],
      "9": [
        10,
        0
      ],
      "10": [
        6,
        45
      ],
      "11": [
        2,
        45
      ],
      "12": [
        42,
        1
      ],
      "13": [
        2,
        10
      ],
      "14": [
        8,
        2,
        0,
        0
      ],
      "15": [
        10,
        0
      ],
      "16": [
        10,
        0
      ],
      "17": [
        10,
        0
      ],
      "18": [
        10,
        0
      ],
      "19": [
        10,
        0
      ],
      "20": [
        10,
        0
      ],
      "21": [
        10,
        0
      ],
      "22": [
        0,
        10
      ],
      "23": [
        10,
        0
      ],
      "24": [
        10,
        0
      ],
      "25": [
        72,
        0
      ],
      "26": [
        4,
        68
      ],
      "27": [
        0
      ],
      "28": [
        6,
        0
      ],
      "29": [
        2,
        4
      ],
      "30": [
        4,
        0
      ],
      "31": [
        4,
        4
      ],
      "32": [
        4,
        0
      ],
      "33": [
        4,
        4
      ],
      "34": [
        0,
        4
      ],
      "35": [
        0,
        0
      ],
      "36": [
        0,
        0
      ],
      "37": [
        0,
        0
      ],
      "38": [
        0,
        0
      ],
      "39": [
        0,
        0
      ],
      "40": [
        6,
        0
      ],
      "41": [
        6,
        0
      ],
      "42": [
        6,
        0
      ],
      "43": [
        6,
        0
      ],
      "44": [
        6,
        0
      ],
      "45": [
        6,
        0
      ],
      "46": [
        6,
        0
      ],
      "47": [
        6,
        6
      ],
      "48": [
        0,
        0
      ],
      "49": [
        4,
        0
      ],
      "50": [
        4,
        0
      ],
      "51": [
        0,
        0
      ],
      "52": [
        0,
        0
      ],
      "53": [
        20,
        0
      ],
      "54": [
        2,
        0
      ],
      "55": [
        2,
        2
      ],
      "56": [
        0,
        0
      ],
      "57": [
        20,
        0
      ],
      "58": [
        0,
        2
      ],
      "59": [
        2,
        2,
        2,
        0
      ],
      "60": [
        2,
        0
      ],
      "61": [
        20,
        0
      ],
      "62": [
        20,
        0
      ],
      "63": [
        2,
        0
      ],
      "64": [
        0,
        20
      ],
      "65": [
        0,
        0
      ],
      "66": [
        20,
        0
      ],
      "67": [
        20,
        0
      ],
      "68": [
        0,
        32
      ],
      "69": [
        32,
        28
      ],
      "70": [
        0,
        0
      ],
      "71": [
        0,
        0
      ],
      "72": [
        0,
        0
      ],
      "73": [
        32,
        32
      ],
      "74": [
        2,
        0
      ],
      "75": [
        20,
        0
      ]
    },
    "_coverageSchema": "1a1c01bbd47fc00a2c39e90264f33305004495a9",
    "hash": "49222cde9a93205eea136f87cd908563e6b58bf4"
  }
}