<?xml version="1.0" encoding="UTF-8"?>
<coverage generated="1749660685658" clover="3.2.0">
  <project timestamp="1749660685659" name="All files">
    <metrics statements="229" coveredstatements="185" conditionals="155" coveredconditionals="76" methods="38" coveredmethods="35" elements="422" coveredelements="296" complexity="0" loc="229" ncloc="229" packages="1" files="1" classes="1"/>
    <file name="script.js" path="C:\Kuliah\SEMESTER 6\PSO\fp-pso-fleksibel\script.js">
      <metrics statements="229" coveredstatements="185" conditionals="155" coveredconditionals="76" methods="38" coveredmethods="35"/>
      <line num="2" count="10" type="stmt"/>
      <line num="3" count="10" type="stmt"/>
      <line num="4" count="10" type="stmt"/>
      <line num="5" count="10" type="stmt"/>
      <line num="6" count="10" type="stmt"/>
      <line num="7" count="10" type="stmt"/>
      <line num="8" count="10" type="stmt"/>
      <line num="9" count="10" type="stmt"/>
      <line num="11" count="10" type="stmt"/>
      <line num="12" count="10" type="stmt"/>
      <line num="13" count="10" type="stmt"/>
      <line num="15" count="10" type="stmt"/>
      <line num="16" count="10" type="stmt"/>
      <line num="17" count="10" type="stmt"/>
      <line num="19" count="10" type="stmt"/>
      <line num="20" count="10" type="stmt"/>
      <line num="26" count="10" type="stmt"/>
      <line num="27" count="10" type="stmt"/>
      <line num="29" count="10" type="stmt"/>
      <line num="30" count="10" type="stmt"/>
      <line num="33" count="10" type="stmt"/>
      <line num="34" count="30" type="stmt"/>
      <line num="35" count="9" type="stmt"/>
      <line num="36" count="3" type="stmt"/>
      <line num="37" count="3" type="stmt"/>
      <line num="38" count="3" type="stmt"/>
      <line num="40" count="3" type="stmt"/>
      <line num="49" count="6" type="cond" truecount="1" falsecount="1"/>
      <line num="50" count="6" type="stmt"/>
      <line num="52" count="6" type="cond" truecount="1" falsecount="1"/>
      <line num="53" count="6" type="stmt"/>
      <line num="58" count="0" type="stmt"/>
      <line num="59" count="0" type="cond" truecount="0" falsecount="2"/>
      <line num="60" count="0" type="stmt"/>
      <line num="61" count="0" type="stmt"/>
      <line num="62" count="0" type="stmt"/>
      <line num="67" count="10" type="cond" truecount="3" falsecount="1"/>
      <line num="68" count="10" type="stmt"/>
      <line num="69" count="6" type="stmt"/>
      <line num="78" count="3" type="stmt"/>
      <line num="79" count="9" type="stmt"/>
      <line num="81" count="3" type="cond" truecount="1" falsecount="1"/>
      <line num="82" count="3" type="stmt"/>
      <line num="83" count="3" type="stmt"/>
      <line num="84" count="3" type="stmt"/>
      <line num="85" count="3" type="cond" truecount="1" falsecount="1"/>
      <line num="86" count="3" type="stmt"/>
      <line num="92" count="10" type="stmt"/>
      <line num="93" count="30" type="stmt"/>
      <line num="95" count="3" type="cond" truecount="1" falsecount="1"/>
      <line num="99" count="0" type="stmt"/>
      <line num="102" count="0" type="stmt"/>
      <line num="104" count="3" type="stmt"/>
      <line num="105" count="3" type="stmt"/>
      <line num="106" count="3" type="stmt"/>
      <line num="115" count="5" type="stmt"/>
      <line num="116" count="5" type="cond" truecount="1" falsecount="1"/>
      <line num="126" count="45" type="stmt"/>
      <line num="135" count="27" type="stmt"/>
      <line num="136" count="27" type="stmt"/>
      <line num="137" count="27" type="cond" truecount="2" falsecount="0"/>
      <line num="138" count="4" type="stmt"/>
      <line num="140" count="23" type="stmt"/>
      <line num="141" count="23" type="stmt"/>
      <line num="150" count="23" type="cond" truecount="1" falsecount="1"/>
      <line num="152" count="23" type="stmt"/>
      <line num="153" count="23" type="stmt"/>
      <line num="154" count="23" type="stmt"/>
      <line num="156" count="23" type="stmt"/>
      <line num="157" count="22" type="stmt"/>
      <line num="158" count="22" type="stmt"/>
      <line num="162" count="22" type="cond" truecount="2" falsecount="0"/>
      <line num="164" count="21" type="stmt"/>
      <line num="165" count="18" type="stmt"/>
      <line num="177" count="6" type="stmt"/>
      <line num="179" count="6" type="stmt"/>
      <line num="181" count="6" type="stmt"/>
      <line num="182" count="6" type="cond" truecount="2" falsecount="0"/>
      <line num="183" count="1" type="stmt"/>
      <line num="184" count="1" type="stmt"/>
      <line num="187" count="5" type="stmt"/>
      <line num="189" count="5" type="cond" truecount="2" falsecount="2"/>
      <line num="191" count="4" type="stmt"/>
      <line num="192" count="4" type="stmt"/>
      <line num="193" count="4" type="stmt"/>
      <line num="195" count="1" type="stmt"/>
      <line num="196" count="1" type="stmt"/>
      <line num="197" count="1" type="stmt"/>
      <line num="199" count="0" type="stmt"/>
      <line num="200" count="0" type="stmt"/>
      <line num="201" count="0" type="stmt"/>
      <line num="203" count="0" type="stmt"/>
      <line num="204" count="0" type="stmt"/>
      <line num="207" count="5" type="stmt"/>
      <line num="211" count="5" type="stmt"/>
      <line num="212" count="5" type="cond" truecount="1" falsecount="1"/>
      <line num="213" count="5" type="stmt"/>
      <line num="216" count="5" type="cond" truecount="1" falsecount="1"/>
      <line num="217" count="5" type="cond" truecount="1" falsecount="1"/>
      <line num="218" count="5" type="cond" truecount="1" falsecount="1"/>
      <line num="219" count="5" type="cond" truecount="1" falsecount="1"/>
      <line num="220" count="15" type="stmt"/>
      <line num="221" count="5" type="cond" truecount="1" falsecount="1"/>
      <line num="222" count="5" type="cond" truecount="1" falsecount="1"/>
      <line num="224" count="5" type="cond" truecount="1" falsecount="1"/>
      <line num="225" count="0" type="stmt"/>
      <line num="228" count="5" type="stmt"/>
      <line num="229" count="5" type="cond" truecount="1" falsecount="1"/>
      <line num="230" count="5" type="stmt"/>
      <line num="232" count="5" type="cond" truecount="1" falsecount="1"/>
      <line num="233" count="5" type="stmt"/>
      <line num="237" count="5" type="stmt"/>
      <line num="238" count="36" type="stmt"/>
      <line num="239" count="36" type="cond" truecount="1" falsecount="1"/>
      <line num="240" count="36" type="stmt"/>
      <line num="242" count="36" type="cond" truecount="2" falsecount="0"/>
      <line num="243" count="2" type="stmt"/>
      <line num="245" count="2" type="stmt"/>
      <line num="249" count="5" type="stmt"/>
      <line num="259" count="3" type="stmt"/>
      <line num="261" count="3" type="stmt"/>
      <line num="262" count="18" type="stmt"/>
      <line num="266" count="3" type="cond" truecount="1" falsecount="1"/>
      <line num="268" count="3" type="cond" truecount="2" falsecount="0"/>
      <line num="269" count="1" type="stmt"/>
      <line num="276" count="2" type="stmt"/>
      <line num="278" count="2" type="cond" truecount="3" falsecount="1"/>
      <line num="281" count="2" type="cond" truecount="1" falsecount="1"/>
      <line num="282" count="2" type="stmt"/>
      <line num="284" count="2" type="cond" truecount="2" falsecount="0"/>
      <line num="285" count="2" type="cond" truecount="1" falsecount="1"/>
      <line num="286" count="0" type="stmt"/>
      <line num="288" count="2" type="stmt"/>
      <line num="289" count="2" type="stmt"/>
      <line num="296" count="0" type="stmt"/>
      <line num="297" count="0" type="stmt"/>
      <line num="300" count="0" type="cond" truecount="0" falsecount="4"/>
      <line num="302" count="0" type="stmt"/>
      <line num="303" count="0" type="cond" truecount="0" falsecount="4"/>
      <line num="304" count="0" type="stmt"/>
      <line num="306" count="0" type="stmt"/>
      <line num="308" count="0" type="stmt"/>
      <line num="315" count="3" type="cond" truecount="1" falsecount="1"/>
      <line num="316" count="3" type="cond" truecount="1" falsecount="1"/>
      <line num="317" count="3" type="cond" truecount="1" falsecount="1"/>
      <line num="318" count="3" type="cond" truecount="1" falsecount="1"/>
      <line num="319" count="9" type="stmt"/>
      <line num="320" count="3" type="cond" truecount="1" falsecount="1"/>
      <line num="321" count="3" type="cond" truecount="1" falsecount="1"/>
      <line num="324" count="3" type="stmt"/>
      <line num="327" count="3" type="cond" truecount="3" falsecount="1"/>
      <line num="328" count="3" type="stmt"/>
      <line num="329" count="0" type="cond" truecount="0" falsecount="2"/>
      <line num="330" count="0" type="stmt"/>
      <line num="339" count="2" type="cond" truecount="2" falsecount="2"/>
      <line num="340" count="0" type="stmt"/>
      <line num="341" count="0" type="stmt"/>
      <line num="342" count="0" type="cond" truecount="0" falsecount="2"/>
      <line num="344" count="0" type="stmt"/>
      <line num="346" count="0" type="cond" truecount="0" falsecount="2"/>
      <line num="350" count="10" type="cond" truecount="1" falsecount="1"/>
      <line num="351" count="10" type="stmt"/>
      <line num="352" count="1" type="stmt"/>
      <line num="353" count="1" type="cond" truecount="3" falsecount="1"/>
      <line num="354" count="1" type="stmt"/>
      <line num="355" count="1" type="stmt"/>
      <line num="356" count="1" type="stmt"/>
      <line num="357" count="1" type="stmt"/>
      <line num="358" count="6" type="stmt"/>
      <line num="360" count="1" type="stmt"/>
      <line num="361" count="1" type="stmt"/>
      <line num="363" count="1" type="stmt"/>
      <line num="364" count="0" type="cond" truecount="0" falsecount="2"/>
      <line num="365" count="0" type="stmt"/>
      <line num="366" count="0" type="stmt"/>
      <line num="372" count="10" type="cond" truecount="1" falsecount="1"/>
      <line num="373" count="10" type="stmt"/>
      <line num="375" count="1" type="cond" truecount="1" falsecount="1"/>
      <line num="381" count="0" type="stmt"/>
      <line num="382" count="0" type="stmt"/>
      <line num="384" count="1" type="stmt"/>
      <line num="385" count="6" type="stmt"/>
      <line num="387" count="1" type="cond" truecount="1" falsecount="1"/>
      <line num="388" count="1" type="stmt"/>
      <line num="390" count="1" type="stmt"/>
      <line num="391" count="1" type="stmt"/>
      <line num="396" count="60" type="stmt"/>
      <line num="398" count="10" type="cond" truecount="1" falsecount="1"/>
      <line num="399" count="10" type="stmt"/>
      <line num="402" count="10" type="cond" truecount="1" falsecount="1"/>
      <line num="403" count="10" type="stmt"/>
      <line num="404" count="1" type="cond" truecount="1" falsecount="1"/>
      <line num="409" count="1" type="stmt"/>
      <line num="414" count="10" type="stmt"/>
      <line num="415" count="10" type="stmt"/>
      <line num="418" count="10" type="cond" truecount="1" falsecount="1"/>
      <line num="419" count="0" type="stmt"/>
      <line num="420" count="0" type="stmt"/>
      <line num="421" count="0" type="cond" truecount="0" falsecount="2"/>
      <line num="422" count="0" type="stmt"/>
      <line num="425" count="10" type="cond" truecount="1" falsecount="1"/>
      <line num="426" count="10" type="stmt"/>
      <line num="428" count="10" type="cond" truecount="1" falsecount="1"/>
      <line num="429" count="10" type="stmt"/>
      <line num="436" count="16" type="stmt"/>
      <line num="437" count="16" type="cond" truecount="1" falsecount="1"/>
      <line num="439" count="16" type="cond" truecount="2" falsecount="0"/>
      <line num="440" count="16" type="stmt"/>
      <line num="442" count="16" type="stmt"/>
      <line num="443" count="16" type="stmt"/>
      <line num="444" count="0" type="stmt"/>
      <line num="445" count="0" type="stmt"/>
      <line num="446" count="0" type="cond" truecount="0" falsecount="2"/>
      <line num="447" count="0" type="cond" truecount="0" falsecount="2"/>
      <line num="448" count="0" type="cond" truecount="0" falsecount="2"/>
      <line num="450" count="0" type="stmt"/>
      <line num="453" count="16" type="cond" truecount="2" falsecount="0"/>
      <line num="460" count="1" type="cond" truecount="1" falsecount="1"/>
      <line num="461" count="1" type="stmt"/>
      <line num="463" count="1" type="stmt"/>
      <line num="464" count="1" type="stmt"/>
      <line num="468" count="10" type="stmt"/>
      <line num="469" count="10" type="cond" truecount="1" falsecount="1"/>
      <line num="470" count="10" type="stmt"/>
      <line num="473" count="10" type="stmt"/>
      <line num="474" count="26" type="stmt"/>
      <line num="477" count="10" type="stmt"/>
      <line num="478" count="26" type="stmt"/>
      <line num="479" count="26" type="stmt"/>
    </file>
  </project>
</coverage>
