TN:
SF:script.js
FN:33,(anonymous_0)
FN:34,(anonymous_1)
FN:35,(anonymous_2)
FN:48,showCustomMessage
FN:57,playHitSound
FN:68,(anonymous_5)
FN:77,setActiveDurationButton
FN:78,(anonymous_7)
FN:92,(anonymous_8)
FN:93,(anonymous_9)
FN:114,getDifficultyLevel
FN:125,getRandomTime
FN:134,getRandomHole
FN:149,makeMoleAppear
FN:156,(anonymous_14)
FN:165,(anonymous_15)
FN:175,startGame
FN:220,(anonymous_17)
FN:237,(anonymous_18)
FN:258,endGame
FN:262,(anonymous_20)
FN:319,(anonymous_21)
FN:338,handleMoleHit
FN:351,(anonymous_23)
FN:355,(anonymous_24)
FN:357,(anonymous_25)
FN:373,(anonymous_26)
FN:384,(anonymous_27)
FN:396,(anonymous_28)
FN:403,(anonymous_29)
FN:414,(anonymous_30)
FN:435,updateHighScoreDisplay
FN:440,(anonymous_32)
FN:443,(anonymous_33)
FN:459,resetScores
FN:473,(anonymous_35)
FN:477,(anonymous_36)
FN:478,(anonymous_37)
FNF:38
FNH:35
FNDA:60,(anonymous_0)
FNDA:6,(anonymous_1)
FNDA:18,(anonymous_2)
FNDA:12,showCustomMessage
FNDA:0,playHitSound
FNDA:12,(anonymous_5)
FNDA:6,setActiveDurationButton
FNDA:18,(anonymous_7)
FNDA:60,(anonymous_8)
FNDA:6,(anonymous_9)
FNDA:10,getDifficultyLevel
FNDA:88,getRandomTime
FNDA:51,getRandomHole
FNDA:47,makeMoleAppear
FNDA:43,(anonymous_14)
FNDA:37,(anonymous_15)
FNDA:12,startGame
FNDA:30,(anonymous_17)
FNDA:72,(anonymous_18)
FNDA:6,endGame
FNDA:36,(anonymous_20)
FNDA:18,(anonymous_21)
FNDA:4,handleMoleHit
FNDA:2,(anonymous_23)
FNDA:2,(anonymous_24)
FNDA:12,(anonymous_25)
FNDA:2,(anonymous_26)
FNDA:12,(anonymous_27)
FNDA:120,(anonymous_28)
FNDA:2,(anonymous_29)
FNDA:20,(anonymous_30)
FNDA:32,updateHighScoreDisplay
FNDA:0,(anonymous_32)
FNDA:0,(anonymous_33)
FNDA:2,resetScores
FNDA:52,(anonymous_35)
FNDA:52,(anonymous_36)
FNDA:52,(anonymous_37)
DA:2,20
DA:3,20
DA:4,20
DA:5,20
DA:6,20
DA:7,20
DA:8,20
DA:9,20
DA:11,20
DA:12,20
DA:13,20
DA:15,20
DA:16,20
DA:17,20
DA:19,20
DA:20,20
DA:26,20
DA:27,20
DA:29,20
DA:30,20
DA:33,20
DA:34,60
DA:35,18
DA:36,6
DA:37,6
DA:38,6
DA:40,6
DA:49,12
DA:50,12
DA:52,12
DA:53,12
DA:58,0
DA:59,0
DA:60,0
DA:61,0
DA:62,0
DA:67,20
DA:68,20
DA:69,12
DA:78,6
DA:79,18
DA:81,6
DA:82,6
DA:83,6
DA:84,6
DA:85,6
DA:86,6
DA:92,20
DA:93,60
DA:95,6
DA:99,0
DA:102,0
DA:104,6
DA:105,6
DA:106,6
DA:115,10
DA:116,10
DA:126,88
DA:135,51
DA:136,51
DA:137,51
DA:138,6
DA:140,45
DA:141,45
DA:150,47
DA:152,45
DA:153,45
DA:154,45
DA:156,45
DA:157,43
DA:158,43
DA:162,43
DA:164,42
DA:165,37
DA:177,12
DA:179,12
DA:181,12
DA:182,12
DA:183,2
DA:184,2
DA:187,10
DA:189,10
DA:191,8
DA:192,8
DA:193,8
DA:195,2
DA:196,2
DA:197,2
DA:199,0
DA:200,0
DA:201,0
DA:203,0
DA:204,0
DA:207,10
DA:211,10
DA:212,10
DA:213,10
DA:216,10
DA:217,10
DA:218,10
DA:219,10
DA:220,30
DA:221,10
DA:222,10
DA:224,10
DA:225,0
DA:228,10
DA:229,10
DA:230,10
DA:232,10
DA:233,10
DA:237,10
DA:238,72
DA:239,72
DA:240,72
DA:242,72
DA:243,4
DA:245,4
DA:249,10
DA:259,6
DA:261,6
DA:262,36
DA:266,6
DA:268,6
DA:269,2
DA:276,4
DA:278,4
DA:281,4
DA:282,4
DA:284,4
DA:285,4
DA:286,0
DA:288,4
DA:289,4
DA:296,0
DA:297,0
DA:300,0
DA:302,0
DA:303,0
DA:304,0
DA:306,0
DA:308,0
DA:315,6
DA:316,6
DA:317,6
DA:318,6
DA:319,18
DA:320,6
DA:321,6
DA:324,6
DA:327,6
DA:328,6
DA:329,0
DA:330,0
DA:339,4
DA:340,0
DA:341,0
DA:342,0
DA:344,0
DA:346,0
DA:350,20
DA:351,20
DA:352,2
DA:353,2
DA:354,2
DA:355,2
DA:356,2
DA:357,2
DA:358,12
DA:360,2
DA:361,2
DA:363,2
DA:364,0
DA:365,0
DA:366,0
DA:372,20
DA:373,20
DA:375,2
DA:381,0
DA:382,0
DA:384,2
DA:385,12
DA:387,2
DA:388,2
DA:390,2
DA:391,2
DA:396,120
DA:398,20
DA:399,20
DA:402,20
DA:403,20
DA:404,2
DA:409,2
DA:414,20
DA:415,20
DA:418,20
DA:419,0
DA:420,0
DA:421,0
DA:422,0
DA:425,20
DA:426,20
DA:428,20
DA:429,20
DA:436,32
DA:437,32
DA:439,32
DA:440,32
DA:442,32
DA:443,32
DA:444,0
DA:445,0
DA:446,0
DA:447,0
DA:448,0
DA:450,0
DA:453,32
DA:460,2
DA:461,2
DA:463,2
DA:464,2
DA:468,20
DA:469,20
DA:470,20
DA:473,20
DA:474,52
DA:477,20
DA:478,52
DA:479,52
LF:229
LH:185
BRDA:49,0,0,12
BRDA:49,0,1,0
BRDA:52,1,0,12
BRDA:52,1,1,0
BRDA:59,2,0,0
BRDA:59,2,1,0
BRDA:67,3,0,20
BRDA:67,3,1,0
BRDA:67,4,0,20
BRDA:67,4,1,20
BRDA:81,5,0,6
BRDA:81,5,1,0
BRDA:85,6,0,6
BRDA:85,6,1,0
BRDA:95,7,0,0
BRDA:95,7,1,6
BRDA:96,8,0,6
BRDA:96,8,1,0
BRDA:116,9,0,10
BRDA:116,9,1,0
BRDA:137,10,0,6
BRDA:137,10,1,45
BRDA:150,11,0,2
BRDA:150,11,1,45
BRDA:162,12,0,42
BRDA:162,12,1,1
BRDA:182,13,0,2
BRDA:182,13,1,10
BRDA:189,14,0,8
BRDA:189,14,1,2
BRDA:189,14,2,0
BRDA:189,14,3,0
BRDA:212,15,0,10
BRDA:212,15,1,0
BRDA:216,16,0,10
BRDA:216,16,1,0
BRDA:217,17,0,10
BRDA:217,17,1,0
BRDA:218,18,0,10
BRDA:218,18,1,0
BRDA:219,19,0,10
BRDA:219,19,1,0
BRDA:221,20,0,10
BRDA:221,20,1,0
BRDA:222,21,0,10
BRDA:222,21,1,0
BRDA:224,22,0,0
BRDA:224,22,1,10
BRDA:229,23,0,10
BRDA:229,23,1,0
BRDA:232,24,0,10
BRDA:232,24,1,0
BRDA:239,25,0,72
BRDA:239,25,1,0
BRDA:242,26,0,4
BRDA:242,26,1,68
BRDA:258,27,0,0
BRDA:266,28,0,6
BRDA:266,28,1,0
BRDA:268,29,0,2
BRDA:268,29,1,4
BRDA:278,30,0,4
BRDA:278,30,1,0
BRDA:278,31,0,4
BRDA:278,31,1,4
BRDA:281,32,0,4
BRDA:281,32,1,0
BRDA:284,33,0,4
BRDA:284,33,1,4
BRDA:285,34,0,0
BRDA:285,34,1,4
BRDA:298,35,0,0
BRDA:298,35,1,0
BRDA:300,36,0,0
BRDA:300,36,1,0
BRDA:300,37,0,0
BRDA:300,37,1,0
BRDA:303,38,0,0
BRDA:303,38,1,0
BRDA:303,39,0,0
BRDA:303,39,1,0
BRDA:315,40,0,6
BRDA:315,40,1,0
BRDA:316,41,0,6
BRDA:316,41,1,0
BRDA:317,42,0,6
BRDA:317,42,1,0
BRDA:318,43,0,6
BRDA:318,43,1,0
BRDA:320,44,0,6
BRDA:320,44,1,0
BRDA:321,45,0,6
BRDA:321,45,1,0
BRDA:327,46,0,6
BRDA:327,46,1,0
BRDA:327,47,0,6
BRDA:327,47,1,6
BRDA:329,48,0,0
BRDA:329,48,1,0
BRDA:339,49,0,4
BRDA:339,49,1,0
BRDA:339,50,0,4
BRDA:339,50,1,0
BRDA:342,51,0,0
BRDA:342,51,1,0
BRDA:346,52,0,0
BRDA:346,52,1,0
BRDA:350,53,0,20
BRDA:350,53,1,0
BRDA:353,54,0,2
BRDA:353,54,1,0
BRDA:353,55,0,2
BRDA:353,55,1,2
BRDA:364,56,0,0
BRDA:364,56,1,0
BRDA:372,57,0,20
BRDA:372,57,1,0
BRDA:375,58,0,0
BRDA:375,58,1,2
BRDA:376,59,0,2
BRDA:376,59,1,2
BRDA:376,59,2,2
BRDA:376,59,3,0
BRDA:387,60,0,2
BRDA:387,60,1,0
BRDA:398,61,0,20
BRDA:398,61,1,0
BRDA:402,62,0,20
BRDA:402,62,1,0
BRDA:404,63,0,2
BRDA:404,63,1,0
BRDA:418,64,0,0
BRDA:418,64,1,20
BRDA:421,65,0,0
BRDA:421,65,1,0
BRDA:425,66,0,20
BRDA:425,66,1,0
BRDA:428,67,0,20
BRDA:428,67,1,0
BRDA:437,68,0,0
BRDA:437,68,1,32
BRDA:439,69,0,32
BRDA:439,69,1,28
BRDA:446,70,0,0
BRDA:446,70,1,0
BRDA:447,71,0,0
BRDA:447,71,1,0
BRDA:448,72,0,0
BRDA:448,72,1,0
BRDA:453,73,0,32
BRDA:453,73,1,32
BRDA:460,74,0,2
BRDA:460,74,1,0
BRDA:469,75,0,20
BRDA:469,75,1,0
BRF:155
BRH:77
end_of_record
