TN:
SF:script.js
FN:33,(anonymous_0)
FN:34,(anonymous_1)
FN:35,(anonymous_2)
FN:48,showCustomMessage
FN:57,playHitSound
FN:68,(anonymous_5)
FN:77,setActiveDurationButton
FN:78,(anonymous_7)
FN:92,(anonymous_8)
FN:93,(anonymous_9)
FN:114,getDifficultyLevel
FN:125,getRandomTime
FN:134,getRandomHole
FN:149,makeMoleAppear
FN:156,(anonymous_14)
FN:165,(anonymous_15)
FN:175,startGame
FN:220,(anonymous_17)
FN:237,(anonymous_18)
FN:258,endGame
FN:262,(anonymous_20)
FN:319,(anonymous_21)
FN:338,handleMoleHit
FN:351,(anonymous_23)
FN:355,(anonymous_24)
FN:357,(anonymous_25)
FN:373,(anonymous_26)
FN:384,(anonymous_27)
FN:396,(anonymous_28)
FN:403,(anonymous_29)
FN:414,(anonymous_30)
FN:435,updateHighScoreDisplay
FN:440,(anonymous_32)
FN:443,(anonymous_33)
FN:459,resetScores
FN:473,(anonymous_35)
FN:477,(anonymous_36)
FN:478,(anonymous_37)
FNF:38
FNH:35
FNDA:30,(anonymous_0)
FNDA:3,(anonymous_1)
FNDA:9,(anonymous_2)
FNDA:6,showCustomMessage
FNDA:0,playHitSound
FNDA:6,(anonymous_5)
FNDA:3,setActiveDurationButton
FNDA:9,(anonymous_7)
FNDA:30,(anonymous_8)
FNDA:3,(anonymous_9)
FNDA:5,getDifficultyLevel
FNDA:45,getRandomTime
FNDA:27,getRandomHole
FNDA:23,makeMoleAppear
FNDA:22,(anonymous_14)
FNDA:18,(anonymous_15)
FNDA:6,startGame
FNDA:15,(anonymous_17)
FNDA:36,(anonymous_18)
FNDA:3,endGame
FNDA:18,(anonymous_20)
FNDA:9,(anonymous_21)
FNDA:2,handleMoleHit
FNDA:1,(anonymous_23)
FNDA:1,(anonymous_24)
FNDA:6,(anonymous_25)
FNDA:1,(anonymous_26)
FNDA:6,(anonymous_27)
FNDA:60,(anonymous_28)
FNDA:1,(anonymous_29)
FNDA:10,(anonymous_30)
FNDA:16,updateHighScoreDisplay
FNDA:0,(anonymous_32)
FNDA:0,(anonymous_33)
FNDA:1,resetScores
FNDA:26,(anonymous_35)
FNDA:26,(anonymous_36)
FNDA:26,(anonymous_37)
DA:2,10
DA:3,10
DA:4,10
DA:5,10
DA:6,10
DA:7,10
DA:8,10
DA:9,10
DA:11,10
DA:12,10
DA:13,10
DA:15,10
DA:16,10
DA:17,10
DA:19,10
DA:20,10
DA:26,10
DA:27,10
DA:29,10
DA:30,10
DA:33,10
DA:34,30
DA:35,9
DA:36,3
DA:37,3
DA:38,3
DA:40,3
DA:49,6
DA:50,6
DA:52,6
DA:53,6
DA:58,0
DA:59,0
DA:60,0
DA:61,0
DA:62,0
DA:67,10
DA:68,10
DA:69,6
DA:78,3
DA:79,9
DA:81,3
DA:82,3
DA:83,3
DA:84,3
DA:85,3
DA:86,3
DA:92,10
DA:93,30
DA:95,3
DA:99,0
DA:102,0
DA:104,3
DA:105,3
DA:106,3
DA:115,5
DA:116,5
DA:126,45
DA:135,27
DA:136,27
DA:137,27
DA:138,4
DA:140,23
DA:141,23
DA:150,23
DA:152,23
DA:153,23
DA:154,23
DA:156,23
DA:157,22
DA:158,22
DA:162,22
DA:164,21
DA:165,18
DA:177,6
DA:179,6
DA:181,6
DA:182,6
DA:183,1
DA:184,1
DA:187,5
DA:189,5
DA:191,4
DA:192,4
DA:193,4
DA:195,1
DA:196,1
DA:197,1
DA:199,0
DA:200,0
DA:201,0
DA:203,0
DA:204,0
DA:207,5
DA:211,5
DA:212,5
DA:213,5
DA:216,5
DA:217,5
DA:218,5
DA:219,5
DA:220,15
DA:221,5
DA:222,5
DA:224,5
DA:225,0
DA:228,5
DA:229,5
DA:230,5
DA:232,5
DA:233,5
DA:237,5
DA:238,36
DA:239,36
DA:240,36
DA:242,36
DA:243,2
DA:245,2
DA:249,5
DA:259,3
DA:261,3
DA:262,18
DA:266,3
DA:268,3
DA:269,1
DA:276,2
DA:278,2
DA:281,2
DA:282,2
DA:284,2
DA:285,2
DA:286,0
DA:288,2
DA:289,2
DA:296,0
DA:297,0
DA:300,0
DA:302,0
DA:303,0
DA:304,0
DA:306,0
DA:308,0
DA:315,3
DA:316,3
DA:317,3
DA:318,3
DA:319,9
DA:320,3
DA:321,3
DA:324,3
DA:327,3
DA:328,3
DA:329,0
DA:330,0
DA:339,2
DA:340,0
DA:341,0
DA:342,0
DA:344,0
DA:346,0
DA:350,10
DA:351,10
DA:352,1
DA:353,1
DA:354,1
DA:355,1
DA:356,1
DA:357,1
DA:358,6
DA:360,1
DA:361,1
DA:363,1
DA:364,0
DA:365,0
DA:366,0
DA:372,10
DA:373,10
DA:375,1
DA:381,0
DA:382,0
DA:384,1
DA:385,6
DA:387,1
DA:388,1
DA:390,1
DA:391,1
DA:396,60
DA:398,10
DA:399,10
DA:402,10
DA:403,10
DA:404,1
DA:409,1
DA:414,10
DA:415,10
DA:418,10
DA:419,0
DA:420,0
DA:421,0
DA:422,0
DA:425,10
DA:426,10
DA:428,10
DA:429,10
DA:436,16
DA:437,16
DA:439,16
DA:440,16
DA:442,16
DA:443,16
DA:444,0
DA:445,0
DA:446,0
DA:447,0
DA:448,0
DA:450,0
DA:453,16
DA:460,1
DA:461,1
DA:463,1
DA:464,1
DA:468,10
DA:469,10
DA:470,10
DA:473,10
DA:474,26
DA:477,10
DA:478,26
DA:479,26
LF:229
LH:185
BRDA:49,0,0,6
BRDA:49,0,1,0
BRDA:52,1,0,6
BRDA:52,1,1,0
BRDA:59,2,0,0
BRDA:59,2,1,0
BRDA:67,3,0,10
BRDA:67,3,1,0
BRDA:67,4,0,10
BRDA:67,4,1,10
BRDA:81,5,0,3
BRDA:81,5,1,0
BRDA:85,6,0,3
BRDA:85,6,1,0
BRDA:95,7,0,0
BRDA:95,7,1,3
BRDA:96,8,0,3
BRDA:96,8,1,0
BRDA:116,9,0,5
BRDA:116,9,1,0
BRDA:137,10,0,4
BRDA:137,10,1,23
BRDA:150,11,0,0
BRDA:150,11,1,23
BRDA:162,12,0,21
BRDA:162,12,1,1
BRDA:182,13,0,1
BRDA:182,13,1,5
BRDA:189,14,0,4
BRDA:189,14,1,1
BRDA:189,14,2,0
BRDA:189,14,3,0
BRDA:212,15,0,5
BRDA:212,15,1,0
BRDA:216,16,0,5
BRDA:216,16,1,0
BRDA:217,17,0,5
BRDA:217,17,1,0
BRDA:218,18,0,5
BRDA:218,18,1,0
BRDA:219,19,0,5
BRDA:219,19,1,0
BRDA:221,20,0,5
BRDA:221,20,1,0
BRDA:222,21,0,5
BRDA:222,21,1,0
BRDA:224,22,0,0
BRDA:224,22,1,5
BRDA:229,23,0,5
BRDA:229,23,1,0
BRDA:232,24,0,5
BRDA:232,24,1,0
BRDA:239,25,0,36
BRDA:239,25,1,0
BRDA:242,26,0,2
BRDA:242,26,1,34
BRDA:258,27,0,0
BRDA:266,28,0,3
BRDA:266,28,1,0
BRDA:268,29,0,1
BRDA:268,29,1,2
BRDA:278,30,0,2
BRDA:278,30,1,0
BRDA:278,31,0,2
BRDA:278,31,1,2
BRDA:281,32,0,2
BRDA:281,32,1,0
BRDA:284,33,0,2
BRDA:284,33,1,2
BRDA:285,34,0,0
BRDA:285,34,1,2
BRDA:298,35,0,0
BRDA:298,35,1,0
BRDA:300,36,0,0
BRDA:300,36,1,0
BRDA:300,37,0,0
BRDA:300,37,1,0
BRDA:303,38,0,0
BRDA:303,38,1,0
BRDA:303,39,0,0
BRDA:303,39,1,0
BRDA:315,40,0,3
BRDA:315,40,1,0
BRDA:316,41,0,3
BRDA:316,41,1,0
BRDA:317,42,0,3
BRDA:317,42,1,0
BRDA:318,43,0,3
BRDA:318,43,1,0
BRDA:320,44,0,3
BRDA:320,44,1,0
BRDA:321,45,0,3
BRDA:321,45,1,0
BRDA:327,46,0,3
BRDA:327,46,1,0
BRDA:327,47,0,3
BRDA:327,47,1,3
BRDA:329,48,0,0
BRDA:329,48,1,0
BRDA:339,49,0,2
BRDA:339,49,1,0
BRDA:339,50,0,2
BRDA:339,50,1,0
BRDA:342,51,0,0
BRDA:342,51,1,0
BRDA:346,52,0,0
BRDA:346,52,1,0
BRDA:350,53,0,10
BRDA:350,53,1,0
BRDA:353,54,0,1
BRDA:353,54,1,0
BRDA:353,55,0,1
BRDA:353,55,1,1
BRDA:364,56,0,0
BRDA:364,56,1,0
BRDA:372,57,0,10
BRDA:372,57,1,0
BRDA:375,58,0,0
BRDA:375,58,1,1
BRDA:376,59,0,1
BRDA:376,59,1,1
BRDA:376,59,2,1
BRDA:376,59,3,0
BRDA:387,60,0,1
BRDA:387,60,1,0
BRDA:398,61,0,10
BRDA:398,61,1,0
BRDA:402,62,0,10
BRDA:402,62,1,0
BRDA:404,63,0,1
BRDA:404,63,1,0
BRDA:418,64,0,0
BRDA:418,64,1,10
BRDA:421,65,0,0
BRDA:421,65,1,0
BRDA:425,66,0,10
BRDA:425,66,1,0
BRDA:428,67,0,10
BRDA:428,67,1,0
BRDA:437,68,0,0
BRDA:437,68,1,16
BRDA:439,69,0,16
BRDA:439,69,1,14
BRDA:446,70,0,0
BRDA:446,70,1,0
BRDA:447,71,0,0
BRDA:447,71,1,0
BRDA:448,72,0,0
BRDA:448,72,1,0
BRDA:453,73,0,16
BRDA:453,73,1,16
BRDA:460,74,0,1
BRDA:460,74,1,0
BRDA:469,75,0,10
BRDA:469,75,1,0
BRF:155
BRH:76
end_of_record
